<?xml version="1.0" encoding="UTF-8"?>
<testsuite xmlns:xsi="http://www.w3.org/2001/XMLSchema-instance" xsi:noNamespaceSchemaLocation="https://maven.apache.org/surefire/maven-surefire-plugin/xsd/surefire-test-report-3.0.xsd" version="3.0" name="com.projects.praticandoAPI.UsuarioApiApplicationTests" time="0.088" tests="1" errors="0" skipped="0" failures="0">
  <properties>
    <property name="java.specification.version" value="17"/>
    <property name="sun.cpu.isalist" value="amd64"/>
    <property name="sun.jnu.encoding" value="Cp1252"/>
    <property name="java.class.path" value="C:\Users\gabri\Downloads\API-Cursos-clean-architecture-DevOps-QA-java-main\target\test-classes;C:\Users\gabri\Downloads\API-Cursos-clean-architecture-DevOps-QA-java-main\target\classes;C:\Users\gabri\.m2\repository\org\springframework\boot\spring-boot-starter-web\2.1.14.BUILD-SNAPSHOT\spring-boot-starter-web-2.1.14.BUILD-SNAPSHOT.jar;C:\Users\gabri\.m2\repository\org\springframework\boot\spring-boot-starter\2.1.14.BUILD-SNAPSHOT\spring-boot-starter-2.1.14.BUILD-SNAPSHOT.jar;C:\Users\gabri\.m2\repository\org\springframework\boot\spring-boot\2.1.14.BUILD-SNAPSHOT\spring-boot-2.1.14.BUILD-SNAPSHOT.jar;C:\Users\gabri\.m2\repository\org\springframework\boot\spring-boot-autoconfigure\2.1.14.BUILD-SNAPSHOT\spring-boot-autoconfigure-2.1.14.BUILD-SNAPSHOT.jar;C:\Users\gabri\.m2\repository\org\springframework\boot\spring-boot-starter-logging\2.1.14.BUILD-SNAPSHOT\spring-boot-starter-logging-2.1.14.BUILD-SNAPSHOT.jar;C:\Users\gabri\.m2\repository\ch\qos\logback\logback-classic\1.2.3\logback-classic-1.2.3.jar;C:\Users\gabri\.m2\repository\ch\qos\logback\logback-core\1.2.3\logback-core-1.2.3.jar;C:\Users\gabri\.m2\repository\org\apache\logging\log4j\log4j-to-slf4j\2.11.2\log4j-to-slf4j-2.11.2.jar;C:\Users\gabri\.m2\repository\org\apache\logging\log4j\log4j-api\2.11.2\log4j-api-2.11.2.jar;C:\Users\gabri\.m2\repository\org\slf4j\jul-to-slf4j\1.7.30\jul-to-slf4j-1.7.30.jar;C:\Users\gabri\.m2\repository\org\yaml\snakeyaml\1.23\snakeyaml-1.23.jar;C:\Users\gabri\.m2\repository\org\springframework\boot\spring-boot-starter-json\2.1.14.BUILD-SNAPSHOT\spring-boot-starter-json-2.1.14.BUILD-SNAPSHOT.jar;C:\Users\gabri\.m2\repository\com\fasterxml\jackson\core\jackson-databind\2.9.10.4\jackson-databind-2.9.10.4.jar;C:\Users\gabri\.m2\repository\com\fasterxml\jackson\core\jackson-core\2.9.10\jackson-core-2.9.10.jar;C:\Users\gabri\.m2\repository\com\fasterxml\jackson\datatype\jackson-datatype-jdk8\2.9.10\jackson-datatype-jdk8-2.9.10.jar;C:\Users\gabri\.m2\repository\com\fasterxml\jackson\datatype\jackson-datatype-jsr310\2.9.10\jackson-datatype-jsr310-2.9.10.jar;C:\Users\gabri\.m2\repository\com\fasterxml\jackson\module\jackson-module-parameter-names\2.9.10\jackson-module-parameter-names-2.9.10.jar;C:\Users\gabri\.m2\repository\org\hibernate\validator\hibernate-validator\6.0.19.Final\hibernate-validator-6.0.19.Final.jar;C:\Users\gabri\.m2\repository\javax\validation\validation-api\2.0.1.Final\validation-api-2.0.1.Final.jar;C:\Users\gabri\.m2\repository\org\jboss\logging\jboss-logging\3.3.3.Final\jboss-logging-3.3.3.Final.jar;C:\Users\gabri\.m2\repository\org\springframework\spring-web\5.1.15.RELEASE\spring-web-5.1.15.RELEASE.jar;C:\Users\gabri\.m2\repository\org\springframework\spring-beans\5.1.15.RELEASE\spring-beans-5.1.15.RELEASE.jar;C:\Users\gabri\.m2\repository\org\springframework\spring-webmvc\5.1.15.RELEASE\spring-webmvc-5.1.15.RELEASE.jar;C:\Users\gabri\.m2\repository\org\springframework\spring-aop\5.1.15.RELEASE\spring-aop-5.1.15.RELEASE.jar;C:\Users\gabri\.m2\repository\org\springframework\spring-context\5.1.15.RELEASE\spring-context-5.1.15.RELEASE.jar;C:\Users\gabri\.m2\repository\org\springframework\spring-expression\5.1.15.RELEASE\spring-expression-5.1.15.RELEASE.jar;C:\Users\gabri\.m2\repository\io\springfox\springfox-swagger2\2.9.2\springfox-swagger2-2.9.2.jar;C:\Users\gabri\.m2\repository\io\swagger\swagger-annotations\1.5.20\swagger-annotations-1.5.20.jar;C:\Users\gabri\.m2\repository\io\swagger\swagger-models\1.5.20\swagger-models-1.5.20.jar;C:\Users\gabri\.m2\repository\com\fasterxml\jackson\core\jackson-annotations\2.9.10\jackson-annotations-2.9.10.jar;C:\Users\gabri\.m2\repository\io\springfox\springfox-spi\2.9.2\springfox-spi-2.9.2.jar;C:\Users\gabri\.m2\repository\io\springfox\springfox-core\2.9.2\springfox-core-2.9.2.jar;C:\Users\gabri\.m2\repository\io\springfox\springfox-schema\2.9.2\springfox-schema-2.9.2.jar;C:\Users\gabri\.m2\repository\io\springfox\springfox-swagger-common\2.9.2\springfox-swagger-common-2.9.2.jar;C:\Users\gabri\.m2\repository\io\springfox\springfox-spring-web\2.9.2\springfox-spring-web-2.9.2.jar;C:\Users\gabri\.m2\repository\com\google\guava\guava\20.0\guava-20.0.jar;C:\Users\gabri\.m2\repository\com\fasterxml\classmate\1.4.0\classmate-1.4.0.jar;C:\Users\gabri\.m2\repository\org\slf4j\slf4j-api\1.7.30\slf4j-api-1.7.30.jar;C:\Users\gabri\.m2\repository\org\springframework\plugin\spring-plugin-core\1.2.0.RELEASE\spring-plugin-core-1.2.0.RELEASE.jar;C:\Users\gabri\.m2\repository\org\springframework\plugin\spring-plugin-metadata\1.2.0.RELEASE\spring-plugin-metadata-1.2.0.RELEASE.jar;C:\Users\gabri\.m2\repository\org\mapstruct\mapstruct\1.2.0.Final\mapstruct-1.2.0.Final.jar;C:\Users\gabri\.m2\repository\org\springframework\boot\spring-boot-starter-data-jpa\2.1.14.BUILD-SNAPSHOT\spring-boot-starter-data-jpa-2.1.14.BUILD-SNAPSHOT.jar;C:\Users\gabri\.m2\repository\org\springframework\boot\spring-boot-starter-aop\2.1.14.BUILD-SNAPSHOT\spring-boot-starter-aop-2.1.14.BUILD-SNAPSHOT.jar;C:\Users\gabri\.m2\repository\org\aspectj\aspectjweaver\1.9.5\aspectjweaver-1.9.5.jar;C:\Users\gabri\.m2\repository\org\springframework\boot\spring-boot-starter-jdbc\2.1.14.BUILD-SNAPSHOT\spring-boot-starter-jdbc-2.1.14.BUILD-SNAPSHOT.jar;C:\Users\gabri\.m2\repository\com\zaxxer\HikariCP\3.2.0\HikariCP-3.2.0.jar;C:\Users\gabri\.m2\repository\org\springframework\spring-jdbc\5.1.15.RELEASE\spring-jdbc-5.1.15.RELEASE.jar;C:\Users\gabri\.m2\repository\javax\transaction\javax.transaction-api\1.3\javax.transaction-api-1.3.jar;C:\Users\gabri\.m2\repository\javax\xml\bind\jaxb-api\2.3.1\jaxb-api-2.3.1.jar;C:\Users\gabri\.m2\repository\javax\activation\javax.activation-api\1.2.0\javax.activation-api-1.2.0.jar;C:\Users\gabri\.m2\repository\org\hibernate\hibernate-core\5.3.17.Final\hibernate-core-5.3.17.Final.jar;C:\Users\gabri\.m2\repository\javax\persistence\javax.persistence-api\2.2\javax.persistence-api-2.2.jar;C:\Users\gabri\.m2\repository\org\javassist\javassist\3.23.2-GA\javassist-3.23.2-GA.jar;C:\Users\gabri\.m2\repository\net\bytebuddy\byte-buddy\1.9.16\byte-buddy-1.9.16.jar;C:\Users\gabri\.m2\repository\antlr\antlr\2.7.7\antlr-2.7.7.jar;C:\Users\gabri\.m2\repository\org\jboss\jandex\2.0.5.Final\jandex-2.0.5.Final.jar;C:\Users\gabri\.m2\repository\org\dom4j\dom4j\2.1.3\dom4j-2.1.3.jar;C:\Users\gabri\.m2\repository\org\hibernate\common\hibernate-commons-annotations\5.0.4.Final\hibernate-commons-annotations-5.0.4.Final.jar;C:\Users\gabri\.m2\repository\org\glassfish\jaxb\jaxb-runtime\2.3.1\jaxb-runtime-2.3.1.jar;C:\Users\gabri\.m2\repository\org\glassfish\jaxb\txw2\2.3.1\txw2-2.3.1.jar;C:\Users\gabri\.m2\repository\com\sun\istack\istack-commons-runtime\3.0.7\istack-commons-runtime-3.0.7.jar;C:\Users\gabri\.m2\repository\org\jvnet\staxex\stax-ex\1.8\stax-ex-1.8.jar;C:\Users\gabri\.m2\repository\com\sun\xml\fastinfoset\FastInfoset\1.2.15\FastInfoset-1.2.15.jar;C:\Users\gabri\.m2\repository\org\springframework\data\spring-data-jpa\2.1.17.RELEASE\spring-data-jpa-2.1.17.RELEASE.jar;C:\Users\gabri\.m2\repository\org\springframework\data\spring-data-commons\2.1.17.RELEASE\spring-data-commons-2.1.17.RELEASE.jar;C:\Users\gabri\.m2\repository\org\springframework\spring-orm\5.1.15.RELEASE\spring-orm-5.1.15.RELEASE.jar;C:\Users\gabri\.m2\repository\org\springframework\spring-tx\5.1.15.RELEASE\spring-tx-5.1.15.RELEASE.jar;C:\Users\gabri\.m2\repository\org\springframework\spring-aspects\5.1.15.RELEASE\spring-aspects-5.1.15.RELEASE.jar;C:\Users\gabri\.m2\repository\io\springfox\springfox-swagger-ui\2.9.2\springfox-swagger-ui-2.9.2.jar;C:\Users\gabri\.m2\repository\com\h2database\h2\1.4.200\h2-1.4.200.jar;C:\Users\gabri\.m2\repository\org\springframework\boot\spring-boot-starter-thymeleaf\2.1.14.BUILD-SNAPSHOT\spring-boot-starter-thymeleaf-2.1.14.BUILD-SNAPSHOT.jar;C:\Users\gabri\.m2\repository\org\thymeleaf\thymeleaf-spring5\3.0.11.RELEASE\thymeleaf-spring5-3.0.11.RELEASE.jar;C:\Users\gabri\.m2\repository\org\thymeleaf\thymeleaf\3.0.11.RELEASE\thymeleaf-3.0.11.RELEASE.jar;C:\Users\gabri\.m2\repository\org\attoparser\attoparser\2.0.5.RELEASE\attoparser-2.0.5.RELEASE.jar;C:\Users\gabri\.m2\repository\org\unbescape\unbescape\1.1.6.RELEASE\unbescape-1.1.6.RELEASE.jar;C:\Users\gabri\.m2\repository\org\thymeleaf\extras\thymeleaf-extras-java8time\3.0.4.RELEASE\thymeleaf-extras-java8time-3.0.4.RELEASE.jar;C:\Users\gabri\.m2\repository\org\springframework\boot\spring-boot-starter-tomcat\2.1.14.BUILD-SNAPSHOT\spring-boot-starter-tomcat-2.1.14.BUILD-SNAPSHOT.jar;C:\Users\gabri\.m2\repository\javax\annotation\javax.annotation-api\1.3.2\javax.annotation-api-1.3.2.jar;C:\Users\gabri\.m2\repository\org\apache\tomcat\embed\tomcat-embed-core\9.0.34\tomcat-embed-core-9.0.34.jar;C:\Users\gabri\.m2\repository\org\apache\tomcat\embed\tomcat-embed-el\9.0.34\tomcat-embed-el-9.0.34.jar;C:\Users\gabri\.m2\repository\org\apache\tomcat\embed\tomcat-embed-websocket\9.0.34\tomcat-embed-websocket-9.0.34.jar;C:\Users\gabri\.m2\repository\org\springframework\boot\spring-boot-starter-test\2.5.0\spring-boot-starter-test-2.5.0.jar;C:\Users\gabri\.m2\repository\org\springframework\boot\spring-boot-test\2.1.14.BUILD-SNAPSHOT\spring-boot-test-2.1.14.BUILD-SNAPSHOT.jar;C:\Users\gabri\.m2\repository\org\springframework\boot\spring-boot-test-autoconfigure\2.1.14.BUILD-SNAPSHOT\spring-boot-test-autoconfigure-2.1.14.BUILD-SNAPSHOT.jar;C:\Users\gabri\.m2\repository\com\jayway\jsonpath\json-path\2.4.0\json-path-2.4.0.jar;C:\Users\gabri\.m2\repository\net\minidev\json-smart\2.3\json-smart-2.3.jar;C:\Users\gabri\.m2\repository\net\minidev\accessors-smart\1.2\accessors-smart-1.2.jar;C:\Users\gabri\.m2\repository\org\ow2\asm\asm\5.0.4\asm-5.0.4.jar;C:\Users\gabri\.m2\repository\jakarta\xml\bind\jakarta.xml.bind-api\2.3.3\jakarta.xml.bind-api-2.3.3.jar;C:\Users\gabri\.m2\repository\jakarta\activation\jakarta.activation-api\1.2.2\jakarta.activation-api-1.2.2.jar;C:\Users\gabri\.m2\repository\org\assertj\assertj-core\3.11.1\assertj-core-3.11.1.jar;C:\Users\gabri\.m2\repository\org\hamcrest\hamcrest\2.2\hamcrest-2.2.jar;C:\Users\gabri\.m2\repository\org\junit\jupiter\junit-jupiter\5.7.2\junit-jupiter-5.7.2.jar;C:\Users\gabri\.m2\repository\org\junit\jupiter\junit-jupiter-api\5.3.2\junit-jupiter-api-5.3.2.jar;C:\Users\gabri\.m2\repository\org\junit\jupiter\junit-jupiter-params\5.3.2\junit-jupiter-params-5.3.2.jar;C:\Users\gabri\.m2\repository\org\junit\jupiter\junit-jupiter-engine\5.3.2\junit-jupiter-engine-5.3.2.jar;C:\Users\gabri\.m2\repository\org\mockito\mockito-core\2.23.4\mockito-core-2.23.4.jar;C:\Users\gabri\.m2\repository\net\bytebuddy\byte-buddy-agent\1.9.16\byte-buddy-agent-1.9.16.jar;C:\Users\gabri\.m2\repository\org\objenesis\objenesis\2.6\objenesis-2.6.jar;C:\Users\gabri\.m2\repository\org\mockito\mockito-junit-jupiter\2.23.4\mockito-junit-jupiter-2.23.4.jar;C:\Users\gabri\.m2\repository\org\skyscreamer\jsonassert\1.5.0\jsonassert-1.5.0.jar;C:\Users\gabri\.m2\repository\com\vaadin\external\google\android-json\0.0.20131108.vaadin1\android-json-0.0.20131108.vaadin1.jar;C:\Users\gabri\.m2\repository\org\springframework\spring-core\5.1.15.RELEASE\spring-core-5.1.15.RELEASE.jar;C:\Users\gabri\.m2\repository\org\springframework\spring-jcl\5.1.15.RELEASE\spring-jcl-5.1.15.RELEASE.jar;C:\Users\gabri\.m2\repository\org\springframework\spring-test\5.1.15.RELEASE\spring-test-5.1.15.RELEASE.jar;C:\Users\gabri\.m2\repository\org\xmlunit\xmlunit-core\2.6.4\xmlunit-core-2.6.4.jar;C:\Users\gabri\.m2\repository\org\junit\vintage\junit-vintage-engine\5.3.2\junit-vintage-engine-5.3.2.jar;C:\Users\gabri\.m2\repository\org\apiguardian\apiguardian-api\1.0.0\apiguardian-api-1.0.0.jar;C:\Users\gabri\.m2\repository\org\junit\platform\junit-platform-engine\1.3.2\junit-platform-engine-1.3.2.jar;C:\Users\gabri\.m2\repository\org\junit\platform\junit-platform-commons\1.3.2\junit-platform-commons-1.3.2.jar;C:\Users\gabri\.m2\repository\org\opentest4j\opentest4j\1.1.1\opentest4j-1.1.1.jar;C:\Users\gabri\.m2\repository\junit\junit\4.12\junit-4.12.jar;C:\Users\gabri\.m2\repository\org\hamcrest\hamcrest-core\1.3\hamcrest-core-1.3.jar;C:\Users\gabri\.m2\repository\org\postgresql\postgresql\42.2.12\postgresql-42.2.12.jar;"/>
    <property name="java.vm.vendor" value="Eclipse Adoptium"/>
    <property name="sun.arch.data.model" value="64"/>
    <property name="user.variant" value=""/>
    <property name="java.vendor.url" value="https://adoptium.net/"/>
    <property name="user.timezone" value="America/Sao_Paulo"/>
    <property name="os.name" value="Windows 10"/>
    <property name="java.vm.specification.version" value="17"/>
    <property name="sun.java.launcher" value="SUN_STANDARD"/>
    <property name="user.country" value="BR"/>
    <property name="sun.boot.library.path" value="C:\Users\gabri\.p2\pool\plugins\org.eclipse.justj.openjdk.hotspot.jre.full.win32.x86_64_17.0.8.v20230831-1047\jre\bin"/>
    <property name="sun.java.command" value="C:\Users\gabri\AppData\Local\Temp\surefire7073869736353969864\surefirebooter7319438293994771741.jar C:\Users\gabri\AppData\Local\Temp\surefire7073869736353969864 2023-12-02T21-06-40_520-jvmRun1 surefire4734057257662536394tmp surefire_013194883639554606946tmp"/>
    <property name="jdk.debug" value="release"/>
    <property name="surefire.test.class.path" value="C:\Users\gabri\Downloads\API-Cursos-clean-architecture-DevOps-QA-java-main\target\test-classes;C:\Users\gabri\Downloads\API-Cursos-clean-architecture-DevOps-QA-java-main\target\classes;C:\Users\gabri\.m2\repository\org\springframework\boot\spring-boot-starter-web\2.1.14.BUILD-SNAPSHOT\spring-boot-starter-web-2.1.14.BUILD-SNAPSHOT.jar;C:\Users\gabri\.m2\repository\org\springframework\boot\spring-boot-starter\2.1.14.BUILD-SNAPSHOT\spring-boot-starter-2.1.14.BUILD-SNAPSHOT.jar;C:\Users\gabri\.m2\repository\org\springframework\boot\spring-boot\2.1.14.BUILD-SNAPSHOT\spring-boot-2.1.14.BUILD-SNAPSHOT.jar;C:\Users\gabri\.m2\repository\org\springframework\boot\spring-boot-autoconfigure\2.1.14.BUILD-SNAPSHOT\spring-boot-autoconfigure-2.1.14.BUILD-SNAPSHOT.jar;C:\Users\gabri\.m2\repository\org\springframework\boot\spring-boot-starter-logging\2.1.14.BUILD-SNAPSHOT\spring-boot-starter-logging-2.1.14.BUILD-SNAPSHOT.jar;C:\Users\gabri\.m2\repository\ch\qos\logback\logback-classic\1.2.3\logback-classic-1.2.3.jar;C:\Users\gabri\.m2\repository\ch\qos\logback\logback-core\1.2.3\logback-core-1.2.3.jar;C:\Users\gabri\.m2\repository\org\apache\logging\log4j\log4j-to-slf4j\2.11.2\log4j-to-slf4j-2.11.2.jar;C:\Users\gabri\.m2\repository\org\apache\logging\log4j\log4j-api\2.11.2\log4j-api-2.11.2.jar;C:\Users\gabri\.m2\repository\org\slf4j\jul-to-slf4j\1.7.30\jul-to-slf4j-1.7.30.jar;C:\Users\gabri\.m2\repository\org\yaml\snakeyaml\1.23\snakeyaml-1.23.jar;C:\Users\gabri\.m2\repository\org\springframework\boot\spring-boot-starter-json\2.1.14.BUILD-SNAPSHOT\spring-boot-starter-json-2.1.14.BUILD-SNAPSHOT.jar;C:\Users\gabri\.m2\repository\com\fasterxml\jackson\core\jackson-databind\2.9.10.4\jackson-databind-2.9.10.4.jar;C:\Users\gabri\.m2\repository\com\fasterxml\jackson\core\jackson-core\2.9.10\jackson-core-2.9.10.jar;C:\Users\gabri\.m2\repository\com\fasterxml\jackson\datatype\jackson-datatype-jdk8\2.9.10\jackson-datatype-jdk8-2.9.10.jar;C:\Users\gabri\.m2\repository\com\fasterxml\jackson\datatype\jackson-datatype-jsr310\2.9.10\jackson-datatype-jsr310-2.9.10.jar;C:\Users\gabri\.m2\repository\com\fasterxml\jackson\module\jackson-module-parameter-names\2.9.10\jackson-module-parameter-names-2.9.10.jar;C:\Users\gabri\.m2\repository\org\hibernate\validator\hibernate-validator\6.0.19.Final\hibernate-validator-6.0.19.Final.jar;C:\Users\gabri\.m2\repository\javax\validation\validation-api\2.0.1.Final\validation-api-2.0.1.Final.jar;C:\Users\gabri\.m2\repository\org\jboss\logging\jboss-logging\3.3.3.Final\jboss-logging-3.3.3.Final.jar;C:\Users\gabri\.m2\repository\org\springframework\spring-web\5.1.15.RELEASE\spring-web-5.1.15.RELEASE.jar;C:\Users\gabri\.m2\repository\org\springframework\spring-beans\5.1.15.RELEASE\spring-beans-5.1.15.RELEASE.jar;C:\Users\gabri\.m2\repository\org\springframework\spring-webmvc\5.1.15.RELEASE\spring-webmvc-5.1.15.RELEASE.jar;C:\Users\gabri\.m2\repository\org\springframework\spring-aop\5.1.15.RELEASE\spring-aop-5.1.15.RELEASE.jar;C:\Users\gabri\.m2\repository\org\springframework\spring-context\5.1.15.RELEASE\spring-context-5.1.15.RELEASE.jar;C:\Users\gabri\.m2\repository\org\springframework\spring-expression\5.1.15.RELEASE\spring-expression-5.1.15.RELEASE.jar;C:\Users\gabri\.m2\repository\io\springfox\springfox-swagger2\2.9.2\springfox-swagger2-2.9.2.jar;C:\Users\gabri\.m2\repository\io\swagger\swagger-annotations\1.5.20\swagger-annotations-1.5.20.jar;C:\Users\gabri\.m2\repository\io\swagger\swagger-models\1.5.20\swagger-models-1.5.20.jar;C:\Users\gabri\.m2\repository\com\fasterxml\jackson\core\jackson-annotations\2.9.10\jackson-annotations-2.9.10.jar;C:\Users\gabri\.m2\repository\io\springfox\springfox-spi\2.9.2\springfox-spi-2.9.2.jar;C:\Users\gabri\.m2\repository\io\springfox\springfox-core\2.9.2\springfox-core-2.9.2.jar;C:\Users\gabri\.m2\repository\io\springfox\springfox-schema\2.9.2\springfox-schema-2.9.2.jar;C:\Users\gabri\.m2\repository\io\springfox\springfox-swagger-common\2.9.2\springfox-swagger-common-2.9.2.jar;C:\Users\gabri\.m2\repository\io\springfox\springfox-spring-web\2.9.2\springfox-spring-web-2.9.2.jar;C:\Users\gabri\.m2\repository\com\google\guava\guava\20.0\guava-20.0.jar;C:\Users\gabri\.m2\repository\com\fasterxml\classmate\1.4.0\classmate-1.4.0.jar;C:\Users\gabri\.m2\repository\org\slf4j\slf4j-api\1.7.30\slf4j-api-1.7.30.jar;C:\Users\gabri\.m2\repository\org\springframework\plugin\spring-plugin-core\1.2.0.RELEASE\spring-plugin-core-1.2.0.RELEASE.jar;C:\Users\gabri\.m2\repository\org\springframework\plugin\spring-plugin-metadata\1.2.0.RELEASE\spring-plugin-metadata-1.2.0.RELEASE.jar;C:\Users\gabri\.m2\repository\org\mapstruct\mapstruct\1.2.0.Final\mapstruct-1.2.0.Final.jar;C:\Users\gabri\.m2\repository\org\springframework\boot\spring-boot-starter-data-jpa\2.1.14.BUILD-SNAPSHOT\spring-boot-starter-data-jpa-2.1.14.BUILD-SNAPSHOT.jar;C:\Users\gabri\.m2\repository\org\springframework\boot\spring-boot-starter-aop\2.1.14.BUILD-SNAPSHOT\spring-boot-starter-aop-2.1.14.BUILD-SNAPSHOT.jar;C:\Users\gabri\.m2\repository\org\aspectj\aspectjweaver\1.9.5\aspectjweaver-1.9.5.jar;C:\Users\gabri\.m2\repository\org\springframework\boot\spring-boot-starter-jdbc\2.1.14.BUILD-SNAPSHOT\spring-boot-starter-jdbc-2.1.14.BUILD-SNAPSHOT.jar;C:\Users\gabri\.m2\repository\com\zaxxer\HikariCP\3.2.0\HikariCP-3.2.0.jar;C:\Users\gabri\.m2\repository\org\springframework\spring-jdbc\5.1.15.RELEASE\spring-jdbc-5.1.15.RELEASE.jar;C:\Users\gabri\.m2\repository\javax\transaction\javax.transaction-api\1.3\javax.transaction-api-1.3.jar;C:\Users\gabri\.m2\repository\javax\xml\bind\jaxb-api\2.3.1\jaxb-api-2.3.1.jar;C:\Users\gabri\.m2\repository\javax\activation\javax.activation-api\1.2.0\javax.activation-api-1.2.0.jar;C:\Users\gabri\.m2\repository\org\hibernate\hibernate-core\5.3.17.Final\hibernate-core-5.3.17.Final.jar;C:\Users\gabri\.m2\repository\javax\persistence\javax.persistence-api\2.2\javax.persistence-api-2.2.jar;C:\Users\gabri\.m2\repository\org\javassist\javassist\3.23.2-GA\javassist-3.23.2-GA.jar;C:\Users\gabri\.m2\repository\net\bytebuddy\byte-buddy\1.9.16\byte-buddy-1.9.16.jar;C:\Users\gabri\.m2\repository\antlr\antlr\2.7.7\antlr-2.7.7.jar;C:\Users\gabri\.m2\repository\org\jboss\jandex\2.0.5.Final\jandex-2.0.5.Final.jar;C:\Users\gabri\.m2\repository\org\dom4j\dom4j\2.1.3\dom4j-2.1.3.jar;C:\Users\gabri\.m2\repository\org\hibernate\common\hibernate-commons-annotations\5.0.4.Final\hibernate-commons-annotations-5.0.4.Final.jar;C:\Users\gabri\.m2\repository\org\glassfish\jaxb\jaxb-runtime\2.3.1\jaxb-runtime-2.3.1.jar;C:\Users\gabri\.m2\repository\org\glassfish\jaxb\txw2\2.3.1\txw2-2.3.1.jar;C:\Users\gabri\.m2\repository\com\sun\istack\istack-commons-runtime\3.0.7\istack-commons-runtime-3.0.7.jar;C:\Users\gabri\.m2\repository\org\jvnet\staxex\stax-ex\1.8\stax-ex-1.8.jar;C:\Users\gabri\.m2\repository\com\sun\xml\fastinfoset\FastInfoset\1.2.15\FastInfoset-1.2.15.jar;C:\Users\gabri\.m2\repository\org\springframework\data\spring-data-jpa\2.1.17.RELEASE\spring-data-jpa-2.1.17.RELEASE.jar;C:\Users\gabri\.m2\repository\org\springframework\data\spring-data-commons\2.1.17.RELEASE\spring-data-commons-2.1.17.RELEASE.jar;C:\Users\gabri\.m2\repository\org\springframework\spring-orm\5.1.15.RELEASE\spring-orm-5.1.15.RELEASE.jar;C:\Users\gabri\.m2\repository\org\springframework\spring-tx\5.1.15.RELEASE\spring-tx-5.1.15.RELEASE.jar;C:\Users\gabri\.m2\repository\org\springframework\spring-aspects\5.1.15.RELEASE\spring-aspects-5.1.15.RELEASE.jar;C:\Users\gabri\.m2\repository\io\springfox\springfox-swagger-ui\2.9.2\springfox-swagger-ui-2.9.2.jar;C:\Users\gabri\.m2\repository\com\h2database\h2\1.4.200\h2-1.4.200.jar;C:\Users\gabri\.m2\repository\org\springframework\boot\spring-boot-starter-thymeleaf\2.1.14.BUILD-SNAPSHOT\spring-boot-starter-thymeleaf-2.1.14.BUILD-SNAPSHOT.jar;C:\Users\gabri\.m2\repository\org\thymeleaf\thymeleaf-spring5\3.0.11.RELEASE\thymeleaf-spring5-3.0.11.RELEASE.jar;C:\Users\gabri\.m2\repository\org\thymeleaf\thymeleaf\3.0.11.RELEASE\thymeleaf-3.0.11.RELEASE.jar;C:\Users\gabri\.m2\repository\org\attoparser\attoparser\2.0.5.RELEASE\attoparser-2.0.5.RELEASE.jar;C:\Users\gabri\.m2\repository\org\unbescape\unbescape\1.1.6.RELEASE\unbescape-1.1.6.RELEASE.jar;C:\Users\gabri\.m2\repository\org\thymeleaf\extras\thymeleaf-extras-java8time\3.0.4.RELEASE\thymeleaf-extras-java8time-3.0.4.RELEASE.jar;C:\Users\gabri\.m2\repository\org\springframework\boot\spring-boot-starter-tomcat\2.1.14.BUILD-SNAPSHOT\spring-boot-starter-tomcat-2.1.14.BUILD-SNAPSHOT.jar;C:\Users\gabri\.m2\repository\javax\annotation\javax.annotation-api\1.3.2\javax.annotation-api-1.3.2.jar;C:\Users\gabri\.m2\repository\org\apache\tomcat\embed\tomcat-embed-core\9.0.34\tomcat-embed-core-9.0.34.jar;C:\Users\gabri\.m2\repository\org\apache\tomcat\embed\tomcat-embed-el\9.0.34\tomcat-embed-el-9.0.34.jar;C:\Users\gabri\.m2\repository\org\apache\tomcat\embed\tomcat-embed-websocket\9.0.34\tomcat-embed-websocket-9.0.34.jar;C:\Users\gabri\.m2\repository\org\springframework\boot\spring-boot-starter-test\2.5.0\spring-boot-starter-test-2.5.0.jar;C:\Users\gabri\.m2\repository\org\springframework\boot\spring-boot-test\2.1.14.BUILD-SNAPSHOT\spring-boot-test-2.1.14.BUILD-SNAPSHOT.jar;C:\Users\gabri\.m2\repository\org\springframework\boot\spring-boot-test-autoconfigure\2.1.14.BUILD-SNAPSHOT\spring-boot-test-autoconfigure-2.1.14.BUILD-SNAPSHOT.jar;C:\Users\gabri\.m2\repository\com\jayway\jsonpath\json-path\2.4.0\json-path-2.4.0.jar;C:\Users\gabri\.m2\repository\net\minidev\json-smart\2.3\json-smart-2.3.jar;C:\Users\gabri\.m2\repository\net\minidev\accessors-smart\1.2\accessors-smart-1.2.jar;C:\Users\gabri\.m2\repository\org\ow2\asm\asm\5.0.4\asm-5.0.4.jar;C:\Users\gabri\.m2\repository\jakarta\xml\bind\jakarta.xml.bind-api\2.3.3\jakarta.xml.bind-api-2.3.3.jar;C:\Users\gabri\.m2\repository\jakarta\activation\jakarta.activation-api\1.2.2\jakarta.activation-api-1.2.2.jar;C:\Users\gabri\.m2\repository\org\assertj\assertj-core\3.11.1\assertj-core-3.11.1.jar;C:\Users\gabri\.m2\repository\org\hamcrest\hamcrest\2.2\hamcrest-2.2.jar;C:\Users\gabri\.m2\repository\org\junit\jupiter\junit-jupiter\5.7.2\junit-jupiter-5.7.2.jar;C:\Users\gabri\.m2\repository\org\junit\jupiter\junit-jupiter-api\5.3.2\junit-jupiter-api-5.3.2.jar;C:\Users\gabri\.m2\repository\org\junit\jupiter\junit-jupiter-params\5.3.2\junit-jupiter-params-5.3.2.jar;C:\Users\gabri\.m2\repository\org\junit\jupiter\junit-jupiter-engine\5.3.2\junit-jupiter-engine-5.3.2.jar;C:\Users\gabri\.m2\repository\org\mockito\mockito-core\2.23.4\mockito-core-2.23.4.jar;C:\Users\gabri\.m2\repository\net\bytebuddy\byte-buddy-agent\1.9.16\byte-buddy-agent-1.9.16.jar;C:\Users\gabri\.m2\repository\org\objenesis\objenesis\2.6\objenesis-2.6.jar;C:\Users\gabri\.m2\repository\org\mockito\mockito-junit-jupiter\2.23.4\mockito-junit-jupiter-2.23.4.jar;C:\Users\gabri\.m2\repository\org\skyscreamer\jsonassert\1.5.0\jsonassert-1.5.0.jar;C:\Users\gabri\.m2\repository\com\vaadin\external\google\android-json\0.0.20131108.vaadin1\android-json-0.0.20131108.vaadin1.jar;C:\Users\gabri\.m2\repository\org\springframework\spring-core\5.1.15.RELEASE\spring-core-5.1.15.RELEASE.jar;C:\Users\gabri\.m2\repository\org\springframework\spring-jcl\5.1.15.RELEASE\spring-jcl-5.1.15.RELEASE.jar;C:\Users\gabri\.m2\repository\org\springframework\spring-test\5.1.15.RELEASE\spring-test-5.1.15.RELEASE.jar;C:\Users\gabri\.m2\repository\org\xmlunit\xmlunit-core\2.6.4\xmlunit-core-2.6.4.jar;C:\Users\gabri\.m2\repository\org\junit\vintage\junit-vintage-engine\5.3.2\junit-vintage-engine-5.3.2.jar;C:\Users\gabri\.m2\repository\org\apiguardian\apiguardian-api\1.0.0\apiguardian-api-1.0.0.jar;C:\Users\gabri\.m2\repository\org\junit\platform\junit-platform-engine\1.3.2\junit-platform-engine-1.3.2.jar;C:\Users\gabri\.m2\repository\org\junit\platform\junit-platform-commons\1.3.2\junit-platform-commons-1.3.2.jar;C:\Users\gabri\.m2\repository\org\opentest4j\opentest4j\1.1.1\opentest4j-1.1.1.jar;C:\Users\gabri\.m2\repository\junit\junit\4.12\junit-4.12.jar;C:\Users\gabri\.m2\repository\org\hamcrest\hamcrest-core\1.3\hamcrest-core-1.3.jar;C:\Users\gabri\.m2\repository\org\postgresql\postgresql\42.2.12\postgresql-42.2.12.jar;"/>
    <property name="sun.cpu.endian" value="little"/>
    <property name="user.home" value="C:\Users\gabri"/>
    <property name="user.language" value="pt"/>
    <property name="java.specification.vendor" value="Oracle Corporation"/>
    <property name="java.version.date" value="2023-08-24"/>
    <property name="java.home" value="C:\Users\gabri\.p2\pool\plugins\org.eclipse.justj.openjdk.hotspot.jre.full.win32.x86_64_17.0.8.v20230831-1047\jre"/>
    <property name="file.separator" value="\"/>
    <property name="style.color" value="always"/>
    <property name="basedir" value="C:\Users\gabri\Downloads\API-Cursos-clean-architecture-DevOps-QA-java-main"/>
    <property name="java.vm.compressedOopsMode" value="Zero based"/>
    <property name="line.separator" value="&#10;"/>
    <property name="java.vm.specification.vendor" value="Oracle Corporation"/>
    <property name="java.specification.name" value="Java Platform API Specification"/>
    <property name="java.awt.headless" value="true"/>
    <property name="surefire.real.class.path" value="C:\Users\gabri\AppData\Local\Temp\surefire7073869736353969864\surefirebooter7319438293994771741.jar"/>
    <property name="user.script" value=""/>
    <property name="sun.management.compiler" value="HotSpot 64-Bit Tiered Compilers"/>
    <property name="java.runtime.version" value="17.0.8.1+1"/>
    <property name="user.name" value="gabri"/>
    <property name="path.separator" value=";"/>
    <property name="os.version" value="10.0"/>
    <property name="java.runtime.name" value="OpenJDK Runtime Environment"/>
    <property name="file.encoding" value="Cp1252"/>
    <property name="spring.beaninfo.ignore" value="true"/>
    <property name="java.vm.name" value="OpenJDK 64-Bit Server VM"/>
    <property name="java.vendor.version" value="Temurin-17.0.8.1+1"/>
    <property name="localRepository" value="C:\Users\gabri\.m2\repository"/>
    <property name="java.vendor.url.bug" value="https://github.com/adoptium/adoptium-support/issues"/>
    <property name="java.io.tmpdir" value="C:\Users\gabri\AppData\Local\Temp\"/>
    <property name="com.zaxxer.hikari.pool_number" value="1"/>
    <property name="java.version" value="17.0.8.1"/>
    <property name="user.dir" value="C:\Users\gabri\Downloads\API-Cursos-clean-architecture-DevOps-QA-java-main"/>
    <property name="os.arch" value="amd64"/>
    <property name="java.vm.specification.name" value="Java Virtual Machine Specification"/>
    <property name="PID" value="10888"/>
    <property name="sun.os.patch.level" value=""/>
    <property name="native.encoding" value="Cp1252"/>
    <property name="java.library.path" value="C:\Users\gabri\.p2\pool\plugins\org.eclipse.justj.openjdk.hotspot.jre.full.win32.x86_64_17.0.8.v20230831-1047\jre\bin;C:\WINDOWS\Sun\Java\bin;C:\WINDOWS\system32;C:\WINDOWS;C:/Users/gabri/.p2/pool/plugins/org.eclipse.justj.openjdk.hotspot.jre.full.win32.x86_64_17.0.8.v20230831-1047/jre/bin/server;C:/Users/gabri/.p2/pool/plugins/org.eclipse.justj.openjdk.hotspot.jre.full.win32.x86_64_17.0.8.v20230831-1047/jre/bin;C:\Program Files\Common Files\Oracle\Java\javapath;C:\Program Files (x86)\Common Files\Oracle\Java\javapath;C:\Python311\Scripts\;C:\Python311\;C:\WINDOWS\system32;C:\WINDOWS;C:\WINDOWS\System32\Wbem;C:\WINDOWS\System32\WindowsPowerShell\v1.0\;C:\WINDOWS\System32\OpenSSH\;C:\Program Files\Git\cmd;D:\Jenkins\jenkins.war;C:\Program Files\nodejs\;C:\ProgramData\chocolatey\bin;C:\Program Files\Git;C:\apache-maven-3.9.5;C:\apache-maven-3.9.5\bin;%JAVA_HOME%\bin;;C:\Program Files\dotnet\;C:\Program Files\Docker\Docker\resources\bin;C:\Program Files\MySQL\MySQL Shell 8.0\bin\;C:\Users\gabri\AppData\Local\Microsoft\WindowsApps;C:\Users\gabri\AppData\Local\GitHubDesktop\bin;C:\Users\gabri\AppData\Local\Programs\Microsoft VS Code\bin;C:\Users\gabri\AppData\Roaming\npm;C:\Program Files\Git;C:\apache-maven-3.9.4\bin;C:\Program Files\Java\jdk-17\bin;D:\heroku\bin;C:\WINDOWS\System32;;."/>
    <property name="java.vm.info" value="mixed mode"/>
    <property name="java.vendor" value="Eclipse Adoptium"/>
    <property name="java.vm.version" value="17.0.8.1+1"/>
    <property name="sun.io.unicode.encoding" value="UnicodeLittle"/>
    <property name="java.class.version" value="61.0"/>
  </properties>
  <testcase name="testCreateUsuarioDefault" classname="com.projects.praticandoAPI.UsuarioApiApplicationTests" time="0.071"/>
</testsuite>