<?xml version="1.0" encoding="UTF-8"?>
<testsuite xmlns:xsi="http://www.w3.org/2001/XMLSchema-instance" xsi:noNamespaceSchemaLocation="https://maven.apache.org/surefire/maven-surefire-plugin/xsd/surefire-test-report-3.0.xsd" version="3.0" name="com.projects.praticandoAPI.ComentarioApiAplicationTest" time="17.577" tests="1" errors="0" skipped="0" failures="1">
  <properties>
    <property name="java.specification.version" value="17"/>
    <property name="sun.cpu.isalist" value="amd64"/>
    <property name="sun.jnu.encoding" value="Cp1252"/>
    <property name="java.class.path" value="C:\Users\gabri\Downloads\API-Cursos-clean-architecture-DevOps-QA-java-main\target\test-classes;C:\Users\gabri\Downloads\API-Cursos-clean-architecture-DevOps-QA-java-main\target\classes;C:\Users\gabri\.m2\repository\org\springframework\boot\spring-boot-starter-web\2.1.14.BUILD-SNAPSHOT\spring-boot-starter-web-2.1.14.BUILD-SNAPSHOT.jar;C:\Users\gabri\.m2\repository\org\springframework\boot\spring-boot-starter\2.1.14.BUILD-SNAPSHOT\spring-boot-starter-2.1.14.BUILD-SNAPSHOT.jar;C:\Users\gabri\.m2\repository\org\springframework\boot\spring-boot\2.1.14.BUILD-SNAPSHOT\spring-boot-2.1.14.BUILD-SNAPSHOT.jar;C:\Users\gabri\.m2\repository\org\springframework\boot\spring-boot-autoconfigure\2.1.14.BUILD-SNAPSHOT\spring-boot-autoconfigure-2.1.14.BUILD-SNAPSHOT.jar;C:\Users\gabri\.m2\repository\org\springframework\boot\spring-boot-starter-logging\2.1.14.BUILD-SNAPSHOT\spring-boot-starter-logging-2.1.14.BUILD-SNAPSHOT.jar;C:\Users\gabri\.m2\repository\ch\qos\logback\logback-classic\1.2.3\logback-classic-1.2.3.jar;C:\Users\gabri\.m2\repository\ch\qos\logback\logback-core\1.2.3\logback-core-1.2.3.jar;C:\Users\gabri\.m2\repository\org\apache\logging\log4j\log4j-to-slf4j\2.11.2\log4j-to-slf4j-2.11.2.jar;C:\Users\gabri\.m2\repository\org\apache\logging\log4j\log4j-api\2.11.2\log4j-api-2.11.2.jar;C:\Users\gabri\.m2\repository\org\slf4j\jul-to-slf4j\1.7.30\jul-to-slf4j-1.7.30.jar;C:\Users\gabri\.m2\repository\org\yaml\snakeyaml\1.23\snakeyaml-1.23.jar;C:\Users\gabri\.m2\repository\org\springframework\boot\spring-boot-starter-json\2.1.14.BUILD-SNAPSHOT\spring-boot-starter-json-2.1.14.BUILD-SNAPSHOT.jar;C:\Users\gabri\.m2\repository\com\fasterxml\jackson\core\jackson-databind\2.9.10.4\jackson-databind-2.9.10.4.jar;C:\Users\gabri\.m2\repository\com\fasterxml\jackson\core\jackson-core\2.9.10\jackson-core-2.9.10.jar;C:\Users\gabri\.m2\repository\com\fasterxml\jackson\datatype\jackson-datatype-jdk8\2.9.10\jackson-datatype-jdk8-2.9.10.jar;C:\Users\gabri\.m2\repository\com\fasterxml\jackson\datatype\jackson-datatype-jsr310\2.9.10\jackson-datatype-jsr310-2.9.10.jar;C:\Users\gabri\.m2\repository\com\fasterxml\jackson\module\jackson-module-parameter-names\2.9.10\jackson-module-parameter-names-2.9.10.jar;C:\Users\gabri\.m2\repository\org\hibernate\validator\hibernate-validator\6.0.19.Final\hibernate-validator-6.0.19.Final.jar;C:\Users\gabri\.m2\repository\javax\validation\validation-api\2.0.1.Final\validation-api-2.0.1.Final.jar;C:\Users\gabri\.m2\repository\org\jboss\logging\jboss-logging\3.3.3.Final\jboss-logging-3.3.3.Final.jar;C:\Users\gabri\.m2\repository\org\springframework\spring-web\5.1.15.RELEASE\spring-web-5.1.15.RELEASE.jar;C:\Users\gabri\.m2\repository\org\springframework\spring-beans\5.1.15.RELEASE\spring-beans-5.1.15.RELEASE.jar;C:\Users\gabri\.m2\repository\org\springframework\spring-webmvc\5.1.15.RELEASE\spring-webmvc-5.1.15.RELEASE.jar;C:\Users\gabri\.m2\repository\org\springframework\spring-aop\5.1.15.RELEASE\spring-aop-5.1.15.RELEASE.jar;C:\Users\gabri\.m2\repository\org\springframework\spring-context\5.1.15.RELEASE\spring-context-5.1.15.RELEASE.jar;C:\Users\gabri\.m2\repository\org\springframework\spring-expression\5.1.15.RELEASE\spring-expression-5.1.15.RELEASE.jar;C:\Users\gabri\.m2\repository\io\springfox\springfox-swagger2\2.9.2\springfox-swagger2-2.9.2.jar;C:\Users\gabri\.m2\repository\io\swagger\swagger-annotations\1.5.20\swagger-annotations-1.5.20.jar;C:\Users\gabri\.m2\repository\io\swagger\swagger-models\1.5.20\swagger-models-1.5.20.jar;C:\Users\gabri\.m2\repository\com\fasterxml\jackson\core\jackson-annotations\2.9.10\jackson-annotations-2.9.10.jar;C:\Users\gabri\.m2\repository\io\springfox\springfox-spi\2.9.2\springfox-spi-2.9.2.jar;C:\Users\gabri\.m2\repository\io\springfox\springfox-core\2.9.2\springfox-core-2.9.2.jar;C:\Users\gabri\.m2\repository\io\springfox\springfox-schema\2.9.2\springfox-schema-2.9.2.jar;C:\Users\gabri\.m2\repository\io\springfox\springfox-swagger-common\2.9.2\springfox-swagger-common-2.9.2.jar;C:\Users\gabri\.m2\repository\io\springfox\springfox-spring-web\2.9.2\springfox-spring-web-2.9.2.jar;C:\Users\gabri\.m2\repository\com\google\guava\guava\20.0\guava-20.0.jar;C:\Users\gabri\.m2\repository\com\fasterxml\classmate\1.4.0\classmate-1.4.0.jar;C:\Users\gabri\.m2\repository\org\slf4j\slf4j-api\1.7.30\slf4j-api-1.7.30.jar;C:\Users\gabri\.m2\repository\org\springframework\plugin\spring-plugin-core\1.2.0.RELEASE\spring-plugin-core-1.2.0.RELEASE.jar;C:\Users\gabri\.m2\repository\org\springframework\plugin\spring-plugin-metadata\1.2.0.RELEASE\spring-plugin-metadata-1.2.0.RELEASE.jar;C:\Users\gabri\.m2\repository\org\mapstruct\mapstruct\1.2.0.Final\mapstruct-1.2.0.Final.jar;C:\Users\gabri\.m2\repository\org\springframework\boot\spring-boot-starter-data-jpa\2.1.14.BUILD-SNAPSHOT\spring-boot-starter-data-jpa-2.1.14.BUILD-SNAPSHOT.jar;C:\Users\gabri\.m2\repository\org\springframework\boot\spring-boot-starter-aop\2.1.14.BUILD-SNAPSHOT\spring-boot-starter-aop-2.1.14.BUILD-SNAPSHOT.jar;C:\Users\gabri\.m2\repository\org\aspectj\aspectjweaver\1.9.5\aspectjweaver-1.9.5.jar;C:\Users\gabri\.m2\repository\org\springframework\boot\spring-boot-starter-jdbc\2.1.14.BUILD-SNAPSHOT\spring-boot-starter-jdbc-2.1.14.BUILD-SNAPSHOT.jar;C:\Users\gabri\.m2\repository\com\zaxxer\HikariCP\3.2.0\HikariCP-3.2.0.jar;C:\Users\gabri\.m2\repository\org\springframework\spring-jdbc\5.1.15.RELEASE\spring-jdbc-5.1.15.RELEASE.jar;C:\Users\gabri\.m2\repository\javax\transaction\javax.transaction-api\1.3\javax.transaction-api-1.3.jar;C:\Users\gabri\.m2\repository\javax\xml\bind\jaxb-api\2.3.1\jaxb-api-2.3.1.jar;C:\Users\gabri\.m2\repository\javax\activation\javax.activation-api\1.2.0\javax.activation-api-1.2.0.jar;C:\Users\gabri\.m2\repository\org\hibernate\hibernate-core\5.3.17.Final\hibernate-core-5.3.17.Final.jar;C:\Users\gabri\.m2\repository\javax\persistence\javax.persistence-api\2.2\javax.persistence-api-2.2.jar;C:\Users\gabri\.m2\repository\org\javassist\javassist\3.23.2-GA\javassist-3.23.2-GA.jar;C:\Users\gabri\.m2\repository\net\bytebuddy\byte-buddy\1.9.16\byte-buddy-1.9.16.jar;C:\Users\gabri\.m2\repository\antlr\antlr\2.7.7\antlr-2.7.7.jar;C:\Users\gabri\.m2\repository\org\jboss\jandex\2.0.5.Final\jandex-2.0.5.Final.jar;C:\Users\gabri\.m2\repository\org\dom4j\dom4j\2.1.3\dom4j-2.1.3.jar;C:\Users\gabri\.m2\repository\org\hibernate\common\hibernate-commons-annotations\5.0.4.Final\hibernate-commons-annotations-5.0.4.Final.jar;C:\Users\gabri\.m2\repository\org\glassfish\jaxb\jaxb-runtime\2.3.1\jaxb-runtime-2.3.1.jar;C:\Users\gabri\.m2\repository\org\glassfish\jaxb\txw2\2.3.1\txw2-2.3.1.jar;C:\Users\gabri\.m2\repository\com\sun\istack\istack-commons-runtime\3.0.7\istack-commons-runtime-3.0.7.jar;C:\Users\gabri\.m2\repository\org\jvnet\staxex\stax-ex\1.8\stax-ex-1.8.jar;C:\Users\gabri\.m2\repository\com\sun\xml\fastinfoset\FastInfoset\1.2.15\FastInfoset-1.2.15.jar;C:\Users\gabri\.m2\repository\org\springframework\data\spring-data-jpa\2.1.17.RELEASE\spring-data-jpa-2.1.17.RELEASE.jar;C:\Users\gabri\.m2\repository\org\springframework\data\spring-data-commons\2.1.17.RELEASE\spring-data-commons-2.1.17.RELEASE.jar;C:\Users\gabri\.m2\repository\org\springframework\spring-orm\5.1.15.RELEASE\spring-orm-5.1.15.RELEASE.jar;C:\Users\gabri\.m2\repository\org\springframework\spring-tx\5.1.15.RELEASE\spring-tx-5.1.15.RELEASE.jar;C:\Users\gabri\.m2\repository\org\springframework\spring-aspects\5.1.15.RELEASE\spring-aspects-5.1.15.RELEASE.jar;C:\Users\gabri\.m2\repository\io\springfox\springfox-swagger-ui\2.9.2\springfox-swagger-ui-2.9.2.jar;C:\Users\gabri\.m2\repository\com\h2database\h2\1.4.200\h2-1.4.200.jar;C:\Users\gabri\.m2\repository\org\springframework\boot\spring-boot-starter-thymeleaf\2.1.14.BUILD-SNAPSHOT\spring-boot-starter-thymeleaf-2.1.14.BUILD-SNAPSHOT.jar;C:\Users\gabri\.m2\repository\org\thymeleaf\thymeleaf-spring5\3.0.11.RELEASE\thymeleaf-spring5-3.0.11.RELEASE.jar;C:\Users\gabri\.m2\repository\org\thymeleaf\thymeleaf\3.0.11.RELEASE\thymeleaf-3.0.11.RELEASE.jar;C:\Users\gabri\.m2\repository\org\attoparser\attoparser\2.0.5.RELEASE\attoparser-2.0.5.RELEASE.jar;C:\Users\gabri\.m2\repository\org\unbescape\unbescape\1.1.6.RELEASE\unbescape-1.1.6.RELEASE.jar;C:\Users\gabri\.m2\repository\org\thymeleaf\extras\thymeleaf-extras-java8time\3.0.4.RELEASE\thymeleaf-extras-java8time-3.0.4.RELEASE.jar;C:\Users\gabri\.m2\repository\org\springframework\boot\spring-boot-starter-tomcat\2.1.14.BUILD-SNAPSHOT\spring-boot-starter-tomcat-2.1.14.BUILD-SNAPSHOT.jar;C:\Users\gabri\.m2\repository\javax\annotation\javax.annotation-api\1.3.2\javax.annotation-api-1.3.2.jar;C:\Users\gabri\.m2\repository\org\apache\tomcat\embed\tomcat-embed-core\9.0.34\tomcat-embed-core-9.0.34.jar;C:\Users\gabri\.m2\repository\org\apache\tomcat\embed\tomcat-embed-el\9.0.34\tomcat-embed-el-9.0.34.jar;C:\Users\gabri\.m2\repository\org\apache\tomcat\embed\tomcat-embed-websocket\9.0.34\tomcat-embed-websocket-9.0.34.jar;C:\Users\gabri\.m2\repository\org\springframework\boot\spring-boot-starter-test\2.5.0\spring-boot-starter-test-2.5.0.jar;C:\Users\gabri\.m2\repository\org\springframework\boot\spring-boot-test\2.1.14.BUILD-SNAPSHOT\spring-boot-test-2.1.14.BUILD-SNAPSHOT.jar;C:\Users\gabri\.m2\repository\org\springframework\boot\spring-boot-test-autoconfigure\2.1.14.BUILD-SNAPSHOT\spring-boot-test-autoconfigure-2.1.14.BUILD-SNAPSHOT.jar;C:\Users\gabri\.m2\repository\com\jayway\jsonpath\json-path\2.4.0\json-path-2.4.0.jar;C:\Users\gabri\.m2\repository\net\minidev\json-smart\2.3\json-smart-2.3.jar;C:\Users\gabri\.m2\repository\net\minidev\accessors-smart\1.2\accessors-smart-1.2.jar;C:\Users\gabri\.m2\repository\org\ow2\asm\asm\5.0.4\asm-5.0.4.jar;C:\Users\gabri\.m2\repository\jakarta\xml\bind\jakarta.xml.bind-api\2.3.3\jakarta.xml.bind-api-2.3.3.jar;C:\Users\gabri\.m2\repository\jakarta\activation\jakarta.activation-api\1.2.2\jakarta.activation-api-1.2.2.jar;C:\Users\gabri\.m2\repository\org\assertj\assertj-core\3.11.1\assertj-core-3.11.1.jar;C:\Users\gabri\.m2\repository\org\hamcrest\hamcrest\2.2\hamcrest-2.2.jar;C:\Users\gabri\.m2\repository\org\junit\jupiter\junit-jupiter\5.7.2\junit-jupiter-5.7.2.jar;C:\Users\gabri\.m2\repository\org\junit\jupiter\junit-jupiter-api\5.3.2\junit-jupiter-api-5.3.2.jar;C:\Users\gabri\.m2\repository\org\junit\jupiter\junit-jupiter-params\5.3.2\junit-jupiter-params-5.3.2.jar;C:\Users\gabri\.m2\repository\org\junit\jupiter\junit-jupiter-engine\5.3.2\junit-jupiter-engine-5.3.2.jar;C:\Users\gabri\.m2\repository\org\mockito\mockito-core\2.23.4\mockito-core-2.23.4.jar;C:\Users\gabri\.m2\repository\net\bytebuddy\byte-buddy-agent\1.9.16\byte-buddy-agent-1.9.16.jar;C:\Users\gabri\.m2\repository\org\objenesis\objenesis\2.6\objenesis-2.6.jar;C:\Users\gabri\.m2\repository\org\mockito\mockito-junit-jupiter\2.23.4\mockito-junit-jupiter-2.23.4.jar;C:\Users\gabri\.m2\repository\org\skyscreamer\jsonassert\1.5.0\jsonassert-1.5.0.jar;C:\Users\gabri\.m2\repository\com\vaadin\external\google\android-json\0.0.20131108.vaadin1\android-json-0.0.20131108.vaadin1.jar;C:\Users\gabri\.m2\repository\org\springframework\spring-core\5.1.15.RELEASE\spring-core-5.1.15.RELEASE.jar;C:\Users\gabri\.m2\repository\org\springframework\spring-jcl\5.1.15.RELEASE\spring-jcl-5.1.15.RELEASE.jar;C:\Users\gabri\.m2\repository\org\springframework\spring-test\5.1.15.RELEASE\spring-test-5.1.15.RELEASE.jar;C:\Users\gabri\.m2\repository\org\xmlunit\xmlunit-core\2.6.4\xmlunit-core-2.6.4.jar;C:\Users\gabri\.m2\repository\org\junit\vintage\junit-vintage-engine\5.3.2\junit-vintage-engine-5.3.2.jar;C:\Users\gabri\.m2\repository\org\apiguardian\apiguardian-api\1.0.0\apiguardian-api-1.0.0.jar;C:\Users\gabri\.m2\repository\org\junit\platform\junit-platform-engine\1.3.2\junit-platform-engine-1.3.2.jar;C:\Users\gabri\.m2\repository\org\junit\platform\junit-platform-commons\1.3.2\junit-platform-commons-1.3.2.jar;C:\Users\gabri\.m2\repository\org\opentest4j\opentest4j\1.1.1\opentest4j-1.1.1.jar;C:\Users\gabri\.m2\repository\junit\junit\4.12\junit-4.12.jar;C:\Users\gabri\.m2\repository\org\hamcrest\hamcrest-core\1.3\hamcrest-core-1.3.jar;C:\Users\gabri\.m2\repository\org\postgresql\postgresql\42.2.12\postgresql-42.2.12.jar;"/>
    <property name="java.vm.vendor" value="Eclipse Adoptium"/>
    <property name="sun.arch.data.model" value="64"/>
    <property name="user.variant" value=""/>
    <property name="java.vendor.url" value="https://adoptium.net/"/>
    <property name="user.timezone" value="America/Sao_Paulo"/>
    <property name="os.name" value="Windows 10"/>
    <property name="java.vm.specification.version" value="17"/>
    <property name="sun.java.launcher" value="SUN_STANDARD"/>
    <property name="user.country" value="BR"/>
    <property name="sun.boot.library.path" value="C:\Users\gabri\.p2\pool\plugins\org.eclipse.justj.openjdk.hotspot.jre.full.win32.x86_64_17.0.8.v20230831-1047\jre\bin"/>
    <property name="sun.java.command" value="C:\Users\gabri\AppData\Local\Temp\surefire7073869736353969864\surefirebooter7319438293994771741.jar C:\Users\gabri\AppData\Local\Temp\surefire7073869736353969864 2023-12-02T21-06-40_520-jvmRun1 surefire4734057257662536394tmp surefire_013194883639554606946tmp"/>
    <property name="jdk.debug" value="release"/>
    <property name="surefire.test.class.path" value="C:\Users\gabri\Downloads\API-Cursos-clean-architecture-DevOps-QA-java-main\target\test-classes;C:\Users\gabri\Downloads\API-Cursos-clean-architecture-DevOps-QA-java-main\target\classes;C:\Users\gabri\.m2\repository\org\springframework\boot\spring-boot-starter-web\2.1.14.BUILD-SNAPSHOT\spring-boot-starter-web-2.1.14.BUILD-SNAPSHOT.jar;C:\Users\gabri\.m2\repository\org\springframework\boot\spring-boot-starter\2.1.14.BUILD-SNAPSHOT\spring-boot-starter-2.1.14.BUILD-SNAPSHOT.jar;C:\Users\gabri\.m2\repository\org\springframework\boot\spring-boot\2.1.14.BUILD-SNAPSHOT\spring-boot-2.1.14.BUILD-SNAPSHOT.jar;C:\Users\gabri\.m2\repository\org\springframework\boot\spring-boot-autoconfigure\2.1.14.BUILD-SNAPSHOT\spring-boot-autoconfigure-2.1.14.BUILD-SNAPSHOT.jar;C:\Users\gabri\.m2\repository\org\springframework\boot\spring-boot-starter-logging\2.1.14.BUILD-SNAPSHOT\spring-boot-starter-logging-2.1.14.BUILD-SNAPSHOT.jar;C:\Users\gabri\.m2\repository\ch\qos\logback\logback-classic\1.2.3\logback-classic-1.2.3.jar;C:\Users\gabri\.m2\repository\ch\qos\logback\logback-core\1.2.3\logback-core-1.2.3.jar;C:\Users\gabri\.m2\repository\org\apache\logging\log4j\log4j-to-slf4j\2.11.2\log4j-to-slf4j-2.11.2.jar;C:\Users\gabri\.m2\repository\org\apache\logging\log4j\log4j-api\2.11.2\log4j-api-2.11.2.jar;C:\Users\gabri\.m2\repository\org\slf4j\jul-to-slf4j\1.7.30\jul-to-slf4j-1.7.30.jar;C:\Users\gabri\.m2\repository\org\yaml\snakeyaml\1.23\snakeyaml-1.23.jar;C:\Users\gabri\.m2\repository\org\springframework\boot\spring-boot-starter-json\2.1.14.BUILD-SNAPSHOT\spring-boot-starter-json-2.1.14.BUILD-SNAPSHOT.jar;C:\Users\gabri\.m2\repository\com\fasterxml\jackson\core\jackson-databind\2.9.10.4\jackson-databind-2.9.10.4.jar;C:\Users\gabri\.m2\repository\com\fasterxml\jackson\core\jackson-core\2.9.10\jackson-core-2.9.10.jar;C:\Users\gabri\.m2\repository\com\fasterxml\jackson\datatype\jackson-datatype-jdk8\2.9.10\jackson-datatype-jdk8-2.9.10.jar;C:\Users\gabri\.m2\repository\com\fasterxml\jackson\datatype\jackson-datatype-jsr310\2.9.10\jackson-datatype-jsr310-2.9.10.jar;C:\Users\gabri\.m2\repository\com\fasterxml\jackson\module\jackson-module-parameter-names\2.9.10\jackson-module-parameter-names-2.9.10.jar;C:\Users\gabri\.m2\repository\org\hibernate\validator\hibernate-validator\6.0.19.Final\hibernate-validator-6.0.19.Final.jar;C:\Users\gabri\.m2\repository\javax\validation\validation-api\2.0.1.Final\validation-api-2.0.1.Final.jar;C:\Users\gabri\.m2\repository\org\jboss\logging\jboss-logging\3.3.3.Final\jboss-logging-3.3.3.Final.jar;C:\Users\gabri\.m2\repository\org\springframework\spring-web\5.1.15.RELEASE\spring-web-5.1.15.RELEASE.jar;C:\Users\gabri\.m2\repository\org\springframework\spring-beans\5.1.15.RELEASE\spring-beans-5.1.15.RELEASE.jar;C:\Users\gabri\.m2\repository\org\springframework\spring-webmvc\5.1.15.RELEASE\spring-webmvc-5.1.15.RELEASE.jar;C:\Users\gabri\.m2\repository\org\springframework\spring-aop\5.1.15.RELEASE\spring-aop-5.1.15.RELEASE.jar;C:\Users\gabri\.m2\repository\org\springframework\spring-context\5.1.15.RELEASE\spring-context-5.1.15.RELEASE.jar;C:\Users\gabri\.m2\repository\org\springframework\spring-expression\5.1.15.RELEASE\spring-expression-5.1.15.RELEASE.jar;C:\Users\gabri\.m2\repository\io\springfox\springfox-swagger2\2.9.2\springfox-swagger2-2.9.2.jar;C:\Users\gabri\.m2\repository\io\swagger\swagger-annotations\1.5.20\swagger-annotations-1.5.20.jar;C:\Users\gabri\.m2\repository\io\swagger\swagger-models\1.5.20\swagger-models-1.5.20.jar;C:\Users\gabri\.m2\repository\com\fasterxml\jackson\core\jackson-annotations\2.9.10\jackson-annotations-2.9.10.jar;C:\Users\gabri\.m2\repository\io\springfox\springfox-spi\2.9.2\springfox-spi-2.9.2.jar;C:\Users\gabri\.m2\repository\io\springfox\springfox-core\2.9.2\springfox-core-2.9.2.jar;C:\Users\gabri\.m2\repository\io\springfox\springfox-schema\2.9.2\springfox-schema-2.9.2.jar;C:\Users\gabri\.m2\repository\io\springfox\springfox-swagger-common\2.9.2\springfox-swagger-common-2.9.2.jar;C:\Users\gabri\.m2\repository\io\springfox\springfox-spring-web\2.9.2\springfox-spring-web-2.9.2.jar;C:\Users\gabri\.m2\repository\com\google\guava\guava\20.0\guava-20.0.jar;C:\Users\gabri\.m2\repository\com\fasterxml\classmate\1.4.0\classmate-1.4.0.jar;C:\Users\gabri\.m2\repository\org\slf4j\slf4j-api\1.7.30\slf4j-api-1.7.30.jar;C:\Users\gabri\.m2\repository\org\springframework\plugin\spring-plugin-core\1.2.0.RELEASE\spring-plugin-core-1.2.0.RELEASE.jar;C:\Users\gabri\.m2\repository\org\springframework\plugin\spring-plugin-metadata\1.2.0.RELEASE\spring-plugin-metadata-1.2.0.RELEASE.jar;C:\Users\gabri\.m2\repository\org\mapstruct\mapstruct\1.2.0.Final\mapstruct-1.2.0.Final.jar;C:\Users\gabri\.m2\repository\org\springframework\boot\spring-boot-starter-data-jpa\2.1.14.BUILD-SNAPSHOT\spring-boot-starter-data-jpa-2.1.14.BUILD-SNAPSHOT.jar;C:\Users\gabri\.m2\repository\org\springframework\boot\spring-boot-starter-aop\2.1.14.BUILD-SNAPSHOT\spring-boot-starter-aop-2.1.14.BUILD-SNAPSHOT.jar;C:\Users\gabri\.m2\repository\org\aspectj\aspectjweaver\1.9.5\aspectjweaver-1.9.5.jar;C:\Users\gabri\.m2\repository\org\springframework\boot\spring-boot-starter-jdbc\2.1.14.BUILD-SNAPSHOT\spring-boot-starter-jdbc-2.1.14.BUILD-SNAPSHOT.jar;C:\Users\gabri\.m2\repository\com\zaxxer\HikariCP\3.2.0\HikariCP-3.2.0.jar;C:\Users\gabri\.m2\repository\org\springframework\spring-jdbc\5.1.15.RELEASE\spring-jdbc-5.1.15.RELEASE.jar;C:\Users\gabri\.m2\repository\javax\transaction\javax.transaction-api\1.3\javax.transaction-api-1.3.jar;C:\Users\gabri\.m2\repository\javax\xml\bind\jaxb-api\2.3.1\jaxb-api-2.3.1.jar;C:\Users\gabri\.m2\repository\javax\activation\javax.activation-api\1.2.0\javax.activation-api-1.2.0.jar;C:\Users\gabri\.m2\repository\org\hibernate\hibernate-core\5.3.17.Final\hibernate-core-5.3.17.Final.jar;C:\Users\gabri\.m2\repository\javax\persistence\javax.persistence-api\2.2\javax.persistence-api-2.2.jar;C:\Users\gabri\.m2\repository\org\javassist\javassist\3.23.2-GA\javassist-3.23.2-GA.jar;C:\Users\gabri\.m2\repository\net\bytebuddy\byte-buddy\1.9.16\byte-buddy-1.9.16.jar;C:\Users\gabri\.m2\repository\antlr\antlr\2.7.7\antlr-2.7.7.jar;C:\Users\gabri\.m2\repository\org\jboss\jandex\2.0.5.Final\jandex-2.0.5.Final.jar;C:\Users\gabri\.m2\repository\org\dom4j\dom4j\2.1.3\dom4j-2.1.3.jar;C:\Users\gabri\.m2\repository\org\hibernate\common\hibernate-commons-annotations\5.0.4.Final\hibernate-commons-annotations-5.0.4.Final.jar;C:\Users\gabri\.m2\repository\org\glassfish\jaxb\jaxb-runtime\2.3.1\jaxb-runtime-2.3.1.jar;C:\Users\gabri\.m2\repository\org\glassfish\jaxb\txw2\2.3.1\txw2-2.3.1.jar;C:\Users\gabri\.m2\repository\com\sun\istack\istack-commons-runtime\3.0.7\istack-commons-runtime-3.0.7.jar;C:\Users\gabri\.m2\repository\org\jvnet\staxex\stax-ex\1.8\stax-ex-1.8.jar;C:\Users\gabri\.m2\repository\com\sun\xml\fastinfoset\FastInfoset\1.2.15\FastInfoset-1.2.15.jar;C:\Users\gabri\.m2\repository\org\springframework\data\spring-data-jpa\2.1.17.RELEASE\spring-data-jpa-2.1.17.RELEASE.jar;C:\Users\gabri\.m2\repository\org\springframework\data\spring-data-commons\2.1.17.RELEASE\spring-data-commons-2.1.17.RELEASE.jar;C:\Users\gabri\.m2\repository\org\springframework\spring-orm\5.1.15.RELEASE\spring-orm-5.1.15.RELEASE.jar;C:\Users\gabri\.m2\repository\org\springframework\spring-tx\5.1.15.RELEASE\spring-tx-5.1.15.RELEASE.jar;C:\Users\gabri\.m2\repository\org\springframework\spring-aspects\5.1.15.RELEASE\spring-aspects-5.1.15.RELEASE.jar;C:\Users\gabri\.m2\repository\io\springfox\springfox-swagger-ui\2.9.2\springfox-swagger-ui-2.9.2.jar;C:\Users\gabri\.m2\repository\com\h2database\h2\1.4.200\h2-1.4.200.jar;C:\Users\gabri\.m2\repository\org\springframework\boot\spring-boot-starter-thymeleaf\2.1.14.BUILD-SNAPSHOT\spring-boot-starter-thymeleaf-2.1.14.BUILD-SNAPSHOT.jar;C:\Users\gabri\.m2\repository\org\thymeleaf\thymeleaf-spring5\3.0.11.RELEASE\thymeleaf-spring5-3.0.11.RELEASE.jar;C:\Users\gabri\.m2\repository\org\thymeleaf\thymeleaf\3.0.11.RELEASE\thymeleaf-3.0.11.RELEASE.jar;C:\Users\gabri\.m2\repository\org\attoparser\attoparser\2.0.5.RELEASE\attoparser-2.0.5.RELEASE.jar;C:\Users\gabri\.m2\repository\org\unbescape\unbescape\1.1.6.RELEASE\unbescape-1.1.6.RELEASE.jar;C:\Users\gabri\.m2\repository\org\thymeleaf\extras\thymeleaf-extras-java8time\3.0.4.RELEASE\thymeleaf-extras-java8time-3.0.4.RELEASE.jar;C:\Users\gabri\.m2\repository\org\springframework\boot\spring-boot-starter-tomcat\2.1.14.BUILD-SNAPSHOT\spring-boot-starter-tomcat-2.1.14.BUILD-SNAPSHOT.jar;C:\Users\gabri\.m2\repository\javax\annotation\javax.annotation-api\1.3.2\javax.annotation-api-1.3.2.jar;C:\Users\gabri\.m2\repository\org\apache\tomcat\embed\tomcat-embed-core\9.0.34\tomcat-embed-core-9.0.34.jar;C:\Users\gabri\.m2\repository\org\apache\tomcat\embed\tomcat-embed-el\9.0.34\tomcat-embed-el-9.0.34.jar;C:\Users\gabri\.m2\repository\org\apache\tomcat\embed\tomcat-embed-websocket\9.0.34\tomcat-embed-websocket-9.0.34.jar;C:\Users\gabri\.m2\repository\org\springframework\boot\spring-boot-starter-test\2.5.0\spring-boot-starter-test-2.5.0.jar;C:\Users\gabri\.m2\repository\org\springframework\boot\spring-boot-test\2.1.14.BUILD-SNAPSHOT\spring-boot-test-2.1.14.BUILD-SNAPSHOT.jar;C:\Users\gabri\.m2\repository\org\springframework\boot\spring-boot-test-autoconfigure\2.1.14.BUILD-SNAPSHOT\spring-boot-test-autoconfigure-2.1.14.BUILD-SNAPSHOT.jar;C:\Users\gabri\.m2\repository\com\jayway\jsonpath\json-path\2.4.0\json-path-2.4.0.jar;C:\Users\gabri\.m2\repository\net\minidev\json-smart\2.3\json-smart-2.3.jar;C:\Users\gabri\.m2\repository\net\minidev\accessors-smart\1.2\accessors-smart-1.2.jar;C:\Users\gabri\.m2\repository\org\ow2\asm\asm\5.0.4\asm-5.0.4.jar;C:\Users\gabri\.m2\repository\jakarta\xml\bind\jakarta.xml.bind-api\2.3.3\jakarta.xml.bind-api-2.3.3.jar;C:\Users\gabri\.m2\repository\jakarta\activation\jakarta.activation-api\1.2.2\jakarta.activation-api-1.2.2.jar;C:\Users\gabri\.m2\repository\org\assertj\assertj-core\3.11.1\assertj-core-3.11.1.jar;C:\Users\gabri\.m2\repository\org\hamcrest\hamcrest\2.2\hamcrest-2.2.jar;C:\Users\gabri\.m2\repository\org\junit\jupiter\junit-jupiter\5.7.2\junit-jupiter-5.7.2.jar;C:\Users\gabri\.m2\repository\org\junit\jupiter\junit-jupiter-api\5.3.2\junit-jupiter-api-5.3.2.jar;C:\Users\gabri\.m2\repository\org\junit\jupiter\junit-jupiter-params\5.3.2\junit-jupiter-params-5.3.2.jar;C:\Users\gabri\.m2\repository\org\junit\jupiter\junit-jupiter-engine\5.3.2\junit-jupiter-engine-5.3.2.jar;C:\Users\gabri\.m2\repository\org\mockito\mockito-core\2.23.4\mockito-core-2.23.4.jar;C:\Users\gabri\.m2\repository\net\bytebuddy\byte-buddy-agent\1.9.16\byte-buddy-agent-1.9.16.jar;C:\Users\gabri\.m2\repository\org\objenesis\objenesis\2.6\objenesis-2.6.jar;C:\Users\gabri\.m2\repository\org\mockito\mockito-junit-jupiter\2.23.4\mockito-junit-jupiter-2.23.4.jar;C:\Users\gabri\.m2\repository\org\skyscreamer\jsonassert\1.5.0\jsonassert-1.5.0.jar;C:\Users\gabri\.m2\repository\com\vaadin\external\google\android-json\0.0.20131108.vaadin1\android-json-0.0.20131108.vaadin1.jar;C:\Users\gabri\.m2\repository\org\springframework\spring-core\5.1.15.RELEASE\spring-core-5.1.15.RELEASE.jar;C:\Users\gabri\.m2\repository\org\springframework\spring-jcl\5.1.15.RELEASE\spring-jcl-5.1.15.RELEASE.jar;C:\Users\gabri\.m2\repository\org\springframework\spring-test\5.1.15.RELEASE\spring-test-5.1.15.RELEASE.jar;C:\Users\gabri\.m2\repository\org\xmlunit\xmlunit-core\2.6.4\xmlunit-core-2.6.4.jar;C:\Users\gabri\.m2\repository\org\junit\vintage\junit-vintage-engine\5.3.2\junit-vintage-engine-5.3.2.jar;C:\Users\gabri\.m2\repository\org\apiguardian\apiguardian-api\1.0.0\apiguardian-api-1.0.0.jar;C:\Users\gabri\.m2\repository\org\junit\platform\junit-platform-engine\1.3.2\junit-platform-engine-1.3.2.jar;C:\Users\gabri\.m2\repository\org\junit\platform\junit-platform-commons\1.3.2\junit-platform-commons-1.3.2.jar;C:\Users\gabri\.m2\repository\org\opentest4j\opentest4j\1.1.1\opentest4j-1.1.1.jar;C:\Users\gabri\.m2\repository\junit\junit\4.12\junit-4.12.jar;C:\Users\gabri\.m2\repository\org\hamcrest\hamcrest-core\1.3\hamcrest-core-1.3.jar;C:\Users\gabri\.m2\repository\org\postgresql\postgresql\42.2.12\postgresql-42.2.12.jar;"/>
    <property name="sun.cpu.endian" value="little"/>
    <property name="user.home" value="C:\Users\gabri"/>
    <property name="user.language" value="pt"/>
    <property name="java.specification.vendor" value="Oracle Corporation"/>
    <property name="java.version.date" value="2023-08-24"/>
    <property name="java.home" value="C:\Users\gabri\.p2\pool\plugins\org.eclipse.justj.openjdk.hotspot.jre.full.win32.x86_64_17.0.8.v20230831-1047\jre"/>
    <property name="file.separator" value="\"/>
    <property name="style.color" value="always"/>
    <property name="basedir" value="C:\Users\gabri\Downloads\API-Cursos-clean-architecture-DevOps-QA-java-main"/>
    <property name="java.vm.compressedOopsMode" value="Zero based"/>
    <property name="line.separator" value="&#10;"/>
    <property name="java.vm.specification.vendor" value="Oracle Corporation"/>
    <property name="java.specification.name" value="Java Platform API Specification"/>
    <property name="java.awt.headless" value="true"/>
    <property name="surefire.real.class.path" value="C:\Users\gabri\AppData\Local\Temp\surefire7073869736353969864\surefirebooter7319438293994771741.jar"/>
    <property name="user.script" value=""/>
    <property name="sun.management.compiler" value="HotSpot 64-Bit Tiered Compilers"/>
    <property name="java.runtime.version" value="17.0.8.1+1"/>
    <property name="user.name" value="gabri"/>
    <property name="path.separator" value=";"/>
    <property name="os.version" value="10.0"/>
    <property name="java.runtime.name" value="OpenJDK Runtime Environment"/>
    <property name="file.encoding" value="Cp1252"/>
    <property name="spring.beaninfo.ignore" value="true"/>
    <property name="java.vm.name" value="OpenJDK 64-Bit Server VM"/>
    <property name="java.vendor.version" value="Temurin-17.0.8.1+1"/>
    <property name="localRepository" value="C:\Users\gabri\.m2\repository"/>
    <property name="java.vendor.url.bug" value="https://github.com/adoptium/adoptium-support/issues"/>
    <property name="java.io.tmpdir" value="C:\Users\gabri\AppData\Local\Temp\"/>
    <property name="com.zaxxer.hikari.pool_number" value="1"/>
    <property name="java.version" value="17.0.8.1"/>
    <property name="user.dir" value="C:\Users\gabri\Downloads\API-Cursos-clean-architecture-DevOps-QA-java-main"/>
    <property name="os.arch" value="amd64"/>
    <property name="java.vm.specification.name" value="Java Virtual Machine Specification"/>
    <property name="PID" value="10888"/>
    <property name="sun.os.patch.level" value=""/>
    <property name="native.encoding" value="Cp1252"/>
    <property name="java.library.path" value="C:\Users\gabri\.p2\pool\plugins\org.eclipse.justj.openjdk.hotspot.jre.full.win32.x86_64_17.0.8.v20230831-1047\jre\bin;C:\WINDOWS\Sun\Java\bin;C:\WINDOWS\system32;C:\WINDOWS;C:/Users/gabri/.p2/pool/plugins/org.eclipse.justj.openjdk.hotspot.jre.full.win32.x86_64_17.0.8.v20230831-1047/jre/bin/server;C:/Users/gabri/.p2/pool/plugins/org.eclipse.justj.openjdk.hotspot.jre.full.win32.x86_64_17.0.8.v20230831-1047/jre/bin;C:\Program Files\Common Files\Oracle\Java\javapath;C:\Program Files (x86)\Common Files\Oracle\Java\javapath;C:\Python311\Scripts\;C:\Python311\;C:\WINDOWS\system32;C:\WINDOWS;C:\WINDOWS\System32\Wbem;C:\WINDOWS\System32\WindowsPowerShell\v1.0\;C:\WINDOWS\System32\OpenSSH\;C:\Program Files\Git\cmd;D:\Jenkins\jenkins.war;C:\Program Files\nodejs\;C:\ProgramData\chocolatey\bin;C:\Program Files\Git;C:\apache-maven-3.9.5;C:\apache-maven-3.9.5\bin;%JAVA_HOME%\bin;;C:\Program Files\dotnet\;C:\Program Files\Docker\Docker\resources\bin;C:\Program Files\MySQL\MySQL Shell 8.0\bin\;C:\Users\gabri\AppData\Local\Microsoft\WindowsApps;C:\Users\gabri\AppData\Local\GitHubDesktop\bin;C:\Users\gabri\AppData\Local\Programs\Microsoft VS Code\bin;C:\Users\gabri\AppData\Roaming\npm;C:\Program Files\Git;C:\apache-maven-3.9.4\bin;C:\Program Files\Java\jdk-17\bin;D:\heroku\bin;C:\WINDOWS\System32;;."/>
    <property name="java.vm.info" value="mixed mode"/>
    <property name="java.vendor" value="Eclipse Adoptium"/>
    <property name="java.vm.version" value="17.0.8.1+1"/>
    <property name="sun.io.unicode.encoding" value="UnicodeLittle"/>
    <property name="java.class.version" value="61.0"/>
  </properties>
  <testcase name="testCreateUsuarioDefault" classname="com.projects.praticandoAPI.ComentarioApiAplicationTest" time="0.686">
    <failure type="java.lang.AssertionError"><![CDATA[java.lang.AssertionError: JSON path "mensagem" expected:<Comentario05> but was:<CursoHorrivel>
	at com.projects.praticandoAPI.ComentarioApiAplicationTest.testCreateUsuarioDefault(ComentarioApiAplicationTest.java:35)
]]></failure>
    <system-out><![CDATA[21:06:43.927 [main] DEBUG org.springframework.test.context.junit4.SpringJUnit4ClassRunner - SpringJUnit4ClassRunner constructor called with [class com.projects.praticandoAPI.ComentarioApiAplicationTest]
21:06:43.950 [main] DEBUG org.springframework.test.context.BootstrapUtils - Instantiating CacheAwareContextLoaderDelegate from class [org.springframework.test.context.cache.DefaultCacheAwareContextLoaderDelegate]
21:06:43.994 [main] DEBUG org.springframework.test.context.BootstrapUtils - Instantiating BootstrapContext using constructor [public org.springframework.test.context.support.DefaultBootstrapContext(java.lang.Class,org.springframework.test.context.CacheAwareContextLoaderDelegate)]
21:06:44.102 [main] DEBUG org.springframework.test.context.BootstrapUtils - Instantiating TestContextBootstrapper for test class [com.projects.praticandoAPI.ComentarioApiAplicationTest] from class [org.springframework.boot.test.context.SpringBootTestContextBootstrapper]
21:06:44.157 [main] INFO org.springframework.boot.test.context.SpringBootTestContextBootstrapper - Neither @ContextConfiguration nor @ContextHierarchy found for test class [com.projects.praticandoAPI.ComentarioApiAplicationTest], using SpringBootContextLoader
21:06:44.230 [main] DEBUG org.springframework.test.context.support.AbstractContextLoader - Did not detect default resource location for test class [com.projects.praticandoAPI.ComentarioApiAplicationTest]: class path resource [com/projects/praticandoAPI/ComentarioApiAplicationTest-context.xml] does not exist
21:06:44.233 [main] DEBUG org.springframework.test.context.support.AbstractContextLoader - Did not detect default resource location for test class [com.projects.praticandoAPI.ComentarioApiAplicationTest]: class path resource [com/projects/praticandoAPI/ComentarioApiAplicationTestContext.groovy] does not exist
21:06:44.233 [main] INFO org.springframework.test.context.support.AbstractContextLoader - Could not detect default resource locations for test class [com.projects.praticandoAPI.ComentarioApiAplicationTest]: no resource found for suffixes {-context.xml, Context.groovy}.
21:06:44.238 [main] INFO org.springframework.test.context.support.AnnotationConfigContextLoaderUtils - Could not detect default configuration classes for test class [com.projects.praticandoAPI.ComentarioApiAplicationTest]: ComentarioApiAplicationTest does not declare any static, non-private, non-final, nested classes annotated with @Configuration.
21:06:44.496 [main] DEBUG org.springframework.test.context.support.ActiveProfilesUtils - Could not find an 'annotation declaring class' for annotation type [org.springframework.test.context.ActiveProfiles] and class [com.projects.praticandoAPI.ComentarioApiAplicationTest]
21:06:44.806 [main] DEBUG org.springframework.context.annotation.ClassPathScanningCandidateComponentProvider - Identified candidate component class: file [C:\Users\gabri\Downloads\API-Cursos-clean-architecture-DevOps-QA-java-main\target\classes\com\projects\praticandoAPI\PraticandoApiApplication.class]
21:06:44.830 [main] INFO org.springframework.boot.test.context.SpringBootTestContextBootstrapper - Found @SpringBootConfiguration com.projects.praticandoAPI.PraticandoApiApplication for test class com.projects.praticandoAPI.ComentarioApiAplicationTest
21:06:45.214 [main] DEBUG org.springframework.boot.test.context.SpringBootTestContextBootstrapper - @TestExecutionListeners is not present for class [com.projects.praticandoAPI.ComentarioApiAplicationTest]: using defaults.
21:06:45.216 [main] INFO org.springframework.boot.test.context.SpringBootTestContextBootstrapper - Loaded default TestExecutionListener class names from location [META-INF/spring.factories]: [org.springframework.boot.test.mock.mockito.MockitoTestExecutionListener, org.springframework.boot.test.mock.mockito.ResetMocksTestExecutionListener, org.springframework.boot.test.autoconfigure.restdocs.RestDocsTestExecutionListener, org.springframework.boot.test.autoconfigure.web.client.MockRestServiceServerResetTestExecutionListener, org.springframework.boot.test.autoconfigure.web.servlet.MockMvcPrintOnlyOnFailureTestExecutionListener, org.springframework.boot.test.autoconfigure.web.servlet.WebDriverTestExecutionListener, org.springframework.test.context.web.ServletTestExecutionListener, org.springframework.test.context.support.DirtiesContextBeforeModesTestExecutionListener, org.springframework.test.context.support.DependencyInjectionTestExecutionListener, org.springframework.test.context.support.DirtiesContextTestExecutionListener, org.springframework.test.context.transaction.TransactionalTestExecutionListener, org.springframework.test.context.jdbc.SqlScriptsTestExecutionListener]
21:06:45.291 [main] INFO org.springframework.boot.test.context.SpringBootTestContextBootstrapper - Using TestExecutionListeners: [org.springframework.test.context.web.ServletTestExecutionListener@36c0d0bd, org.springframework.test.context.support.DirtiesContextBeforeModesTestExecutionListener@5e1fc2aa, org.springframework.boot.test.mock.mockito.MockitoTestExecutionListener@688d411b, org.springframework.boot.test.autoconfigure.SpringBootDependencyInjectionTestExecutionListener@382c90c2, org.springframework.test.context.support.DirtiesContextTestExecutionListener@859ea42, org.springframework.test.context.transaction.TransactionalTestExecutionListener@28737371, org.springframework.test.context.jdbc.SqlScriptsTestExecutionListener@2af46afd, org.springframework.boot.test.mock.mockito.ResetMocksTestExecutionListener@760245e1, org.springframework.boot.test.autoconfigure.restdocs.RestDocsTestExecutionListener@31ceba99, org.springframework.boot.test.autoconfigure.web.client.MockRestServiceServerResetTestExecutionListener@295bf2a, org.springframework.boot.test.autoconfigure.web.servlet.MockMvcPrintOnlyOnFailureTestExecutionListener@bbf9e07, org.springframework.boot.test.autoconfigure.web.servlet.WebDriverTestExecutionListener@6ff6efdc]
21:06:45.306 [main] DEBUG org.springframework.test.annotation.ProfileValueUtils - Retrieved @ProfileValueSourceConfiguration [null] for test class [com.projects.praticandoAPI.ComentarioApiAplicationTest]
21:06:45.309 [main] DEBUG org.springframework.test.annotation.ProfileValueUtils - Retrieved ProfileValueSource type [class org.springframework.test.annotation.SystemProfileValueSource] for class [com.projects.praticandoAPI.ComentarioApiAplicationTest]
21:06:45.365 [main] DEBUG org.springframework.test.context.junit4.SpringJUnit4ClassRunner - SpringJUnit4ClassRunner constructor called with [class com.projects.praticandoAPI.CursoRepositoryTest]
21:06:45.365 [main] DEBUG org.springframework.test.context.BootstrapUtils - Instantiating CacheAwareContextLoaderDelegate from class [org.springframework.test.context.cache.DefaultCacheAwareContextLoaderDelegate]
21:06:45.366 [main] DEBUG org.springframework.test.context.BootstrapUtils - Instantiating BootstrapContext using constructor [public org.springframework.test.context.support.DefaultBootstrapContext(java.lang.Class,org.springframework.test.context.CacheAwareContextLoaderDelegate)]
21:06:45.369 [main] DEBUG org.springframework.test.context.BootstrapUtils - Instantiating TestContextBootstrapper for test class [com.projects.praticandoAPI.CursoRepositoryTest] from class [org.springframework.boot.test.autoconfigure.orm.jpa.DataJpaTestContextBootstrapper]
21:06:45.371 [main] INFO org.springframework.boot.test.autoconfigure.orm.jpa.DataJpaTestContextBootstrapper - Neither @ContextConfiguration nor @ContextHierarchy found for test class [com.projects.praticandoAPI.CursoRepositoryTest], using SpringBootContextLoader
21:06:45.373 [main] DEBUG org.springframework.test.context.support.AbstractContextLoader - Did not detect default resource location for test class [com.projects.praticandoAPI.CursoRepositoryTest]: class path resource [com/projects/praticandoAPI/CursoRepositoryTest-context.xml] does not exist
21:06:45.373 [main] DEBUG org.springframework.test.context.support.AbstractContextLoader - Did not detect default resource location for test class [com.projects.praticandoAPI.CursoRepositoryTest]: class path resource [com/projects/praticandoAPI/CursoRepositoryTestContext.groovy] does not exist
21:06:45.373 [main] INFO org.springframework.test.context.support.AbstractContextLoader - Could not detect default resource locations for test class [com.projects.praticandoAPI.CursoRepositoryTest]: no resource found for suffixes {-context.xml, Context.groovy}.
21:06:45.374 [main] INFO org.springframework.test.context.support.AnnotationConfigContextLoaderUtils - Could not detect default configuration classes for test class [com.projects.praticandoAPI.CursoRepositoryTest]: CursoRepositoryTest does not declare any static, non-private, non-final, nested classes annotated with @Configuration.
21:06:45.422 [main] INFO org.springframework.boot.test.context.SpringBootTestContextBootstrapper - Found @SpringBootConfiguration com.projects.praticandoAPI.PraticandoApiApplication for test class com.projects.praticandoAPI.CursoRepositoryTest
21:06:45.424 [main] DEBUG org.springframework.boot.test.autoconfigure.orm.jpa.DataJpaTestContextBootstrapper - @TestExecutionListeners is not present for class [com.projects.praticandoAPI.CursoRepositoryTest]: using defaults.
21:06:45.424 [main] INFO org.springframework.boot.test.autoconfigure.orm.jpa.DataJpaTestContextBootstrapper - Loaded default TestExecutionListener class names from location [META-INF/spring.factories]: [org.springframework.boot.test.mock.mockito.MockitoTestExecutionListener, org.springframework.boot.test.mock.mockito.ResetMocksTestExecutionListener, org.springframework.boot.test.autoconfigure.restdocs.RestDocsTestExecutionListener, org.springframework.boot.test.autoconfigure.web.client.MockRestServiceServerResetTestExecutionListener, org.springframework.boot.test.autoconfigure.web.servlet.MockMvcPrintOnlyOnFailureTestExecutionListener, org.springframework.boot.test.autoconfigure.web.servlet.WebDriverTestExecutionListener, org.springframework.test.context.web.ServletTestExecutionListener, org.springframework.test.context.support.DirtiesContextBeforeModesTestExecutionListener, org.springframework.test.context.support.DependencyInjectionTestExecutionListener, org.springframework.test.context.support.DirtiesContextTestExecutionListener, org.springframework.test.context.transaction.TransactionalTestExecutionListener, org.springframework.test.context.jdbc.SqlScriptsTestExecutionListener]
21:06:45.425 [main] INFO org.springframework.boot.test.autoconfigure.orm.jpa.DataJpaTestContextBootstrapper - Using TestExecutionListeners: [org.springframework.test.context.web.ServletTestExecutionListener@741f8dbe, org.springframework.test.context.support.DirtiesContextBeforeModesTestExecutionListener@212dfd39, org.springframework.boot.test.mock.mockito.MockitoTestExecutionListener@a2ddf26, org.springframework.boot.test.autoconfigure.SpringBootDependencyInjectionTestExecutionListener@65d57e4e, org.springframework.test.context.support.DirtiesContextTestExecutionListener@6daf7d37, org.springframework.test.context.transaction.TransactionalTestExecutionListener@23a5818e, org.springframework.test.context.jdbc.SqlScriptsTestExecutionListener@4715ae33, org.springframework.boot.test.mock.mockito.ResetMocksTestExecutionListener@9fc9f91, org.springframework.boot.test.autoconfigure.restdocs.RestDocsTestExecutionListener@1fac1d5c, org.springframework.boot.test.autoconfigure.web.client.MockRestServiceServerResetTestExecutionListener@108a46d6, org.springframework.boot.test.autoconfigure.web.servlet.MockMvcPrintOnlyOnFailureTestExecutionListener@7a8406c2, org.springframework.boot.test.autoconfigure.web.servlet.WebDriverTestExecutionListener@17690e14]
21:06:45.426 [main] DEBUG org.springframework.test.annotation.ProfileValueUtils - Retrieved @ProfileValueSourceConfiguration [null] for test class [com.projects.praticandoAPI.CursoRepositoryTest]
21:06:45.427 [main] DEBUG org.springframework.test.annotation.ProfileValueUtils - Retrieved ProfileValueSource type [class org.springframework.test.annotation.SystemProfileValueSource] for class [com.projects.praticandoAPI.CursoRepositoryTest]
21:06:45.439 [main] DEBUG org.springframework.test.context.junit4.SpringJUnit4ClassRunner - SpringJUnit4ClassRunner constructor called with [class com.projects.praticandoAPI.PraticandoApiApplicationTests]
21:06:45.440 [main] DEBUG org.springframework.test.context.BootstrapUtils - Instantiating CacheAwareContextLoaderDelegate from class [org.springframework.test.context.cache.DefaultCacheAwareContextLoaderDelegate]
21:06:45.440 [main] DEBUG org.springframework.test.context.BootstrapUtils - Instantiating BootstrapContext using constructor [public org.springframework.test.context.support.DefaultBootstrapContext(java.lang.Class,org.springframework.test.context.CacheAwareContextLoaderDelegate)]
21:06:45.446 [main] DEBUG org.springframework.test.context.BootstrapUtils - Instantiating TestContextBootstrapper for test class [com.projects.praticandoAPI.PraticandoApiApplicationTests] from class [org.springframework.boot.test.autoconfigure.web.servlet.WebMvcTestContextBootstrapper]
21:06:45.448 [main] INFO org.springframework.boot.test.autoconfigure.web.servlet.WebMvcTestContextBootstrapper - Neither @ContextConfiguration nor @ContextHierarchy found for test class [com.projects.praticandoAPI.PraticandoApiApplicationTests], using SpringBootContextLoader
21:06:45.449 [main] DEBUG org.springframework.test.context.support.AbstractContextLoader - Did not detect default resource location for test class [com.projects.praticandoAPI.PraticandoApiApplicationTests]: class path resource [com/projects/praticandoAPI/PraticandoApiApplicationTests-context.xml] does not exist
21:06:45.450 [main] DEBUG org.springframework.test.context.support.AbstractContextLoader - Did not detect default resource location for test class [com.projects.praticandoAPI.PraticandoApiApplicationTests]: class path resource [com/projects/praticandoAPI/PraticandoApiApplicationTestsContext.groovy] does not exist
21:06:45.450 [main] INFO org.springframework.test.context.support.AbstractContextLoader - Could not detect default resource locations for test class [com.projects.praticandoAPI.PraticandoApiApplicationTests]: no resource found for suffixes {-context.xml, Context.groovy}.
21:06:45.450 [main] INFO org.springframework.test.context.support.AnnotationConfigContextLoaderUtils - Could not detect default configuration classes for test class [com.projects.praticandoAPI.PraticandoApiApplicationTests]: PraticandoApiApplicationTests does not declare any static, non-private, non-final, nested classes annotated with @Configuration.
21:06:45.484 [main] DEBUG org.springframework.test.context.support.ActiveProfilesUtils - Could not find an 'annotation declaring class' for annotation type [org.springframework.test.context.ActiveProfiles] and class [com.projects.praticandoAPI.PraticandoApiApplicationTests]
21:06:45.485 [main] INFO org.springframework.boot.test.context.SpringBootTestContextBootstrapper - Found @SpringBootConfiguration com.projects.praticandoAPI.PraticandoApiApplication for test class com.projects.praticandoAPI.PraticandoApiApplicationTests
21:06:45.486 [main] DEBUG org.springframework.boot.test.autoconfigure.web.servlet.WebMvcTestContextBootstrapper - @TestExecutionListeners is not present for class [com.projects.praticandoAPI.PraticandoApiApplicationTests]: using defaults.
21:06:45.487 [main] INFO org.springframework.boot.test.autoconfigure.web.servlet.WebMvcTestContextBootstrapper - Loaded default TestExecutionListener class names from location [META-INF/spring.factories]: [org.springframework.boot.test.mock.mockito.MockitoTestExecutionListener, org.springframework.boot.test.mock.mockito.ResetMocksTestExecutionListener, org.springframework.boot.test.autoconfigure.restdocs.RestDocsTestExecutionListener, org.springframework.boot.test.autoconfigure.web.client.MockRestServiceServerResetTestExecutionListener, org.springframework.boot.test.autoconfigure.web.servlet.MockMvcPrintOnlyOnFailureTestExecutionListener, org.springframework.boot.test.autoconfigure.web.servlet.WebDriverTestExecutionListener, org.springframework.test.context.web.ServletTestExecutionListener, org.springframework.test.context.support.DirtiesContextBeforeModesTestExecutionListener, org.springframework.test.context.support.DependencyInjectionTestExecutionListener, org.springframework.test.context.support.DirtiesContextTestExecutionListener, org.springframework.test.context.transaction.TransactionalTestExecutionListener, org.springframework.test.context.jdbc.SqlScriptsTestExecutionListener]
21:06:45.488 [main] INFO org.springframework.boot.test.autoconfigure.web.servlet.WebMvcTestContextBootstrapper - Using TestExecutionListeners: [org.springframework.test.context.web.ServletTestExecutionListener@14823f76, org.springframework.test.context.support.DirtiesContextBeforeModesTestExecutionListener@6917bb4, org.springframework.boot.test.mock.mockito.MockitoTestExecutionListener@6ed16657, org.springframework.boot.test.autoconfigure.SpringBootDependencyInjectionTestExecutionListener@1442f788, org.springframework.test.context.support.DirtiesContextTestExecutionListener@113e13f9, org.springframework.test.context.transaction.TransactionalTestExecutionListener@1c7f96b1, org.springframework.test.context.jdbc.SqlScriptsTestExecutionListener@7979b8b7, org.springframework.boot.test.mock.mockito.ResetMocksTestExecutionListener@7a04fea7, org.springframework.boot.test.autoconfigure.restdocs.RestDocsTestExecutionListener@1bc49bc5, org.springframework.boot.test.autoconfigure.web.client.MockRestServiceServerResetTestExecutionListener@7b6e5c12, org.springframework.boot.test.autoconfigure.web.servlet.MockMvcPrintOnlyOnFailureTestExecutionListener@4f66ffc8, org.springframework.boot.test.autoconfigure.web.servlet.WebDriverTestExecutionListener@124ac145]
21:06:45.489 [main] DEBUG org.springframework.test.annotation.ProfileValueUtils - Retrieved @ProfileValueSourceConfiguration [null] for test class [com.projects.praticandoAPI.PraticandoApiApplicationTests]
21:06:45.489 [main] DEBUG org.springframework.test.annotation.ProfileValueUtils - Retrieved ProfileValueSource type [class org.springframework.test.annotation.SystemProfileValueSource] for class [com.projects.praticandoAPI.PraticandoApiApplicationTests]
21:06:45.496 [main] DEBUG org.springframework.test.context.junit4.SpringJUnit4ClassRunner - SpringJUnit4ClassRunner constructor called with [class com.projects.praticandoAPI.UsuarioApiApplicationTests]
21:06:45.496 [main] DEBUG org.springframework.test.context.BootstrapUtils - Instantiating CacheAwareContextLoaderDelegate from class [org.springframework.test.context.cache.DefaultCacheAwareContextLoaderDelegate]
21:06:45.497 [main] DEBUG org.springframework.test.context.BootstrapUtils - Instantiating BootstrapContext using constructor [public org.springframework.test.context.support.DefaultBootstrapContext(java.lang.Class,org.springframework.test.context.CacheAwareContextLoaderDelegate)]
21:06:45.498 [main] DEBUG org.springframework.test.context.BootstrapUtils - Instantiating TestContextBootstrapper for test class [com.projects.praticandoAPI.UsuarioApiApplicationTests] from class [org.springframework.boot.test.context.SpringBootTestContextBootstrapper]
21:06:45.499 [main] INFO org.springframework.boot.test.context.SpringBootTestContextBootstrapper - Neither @ContextConfiguration nor @ContextHierarchy found for test class [com.projects.praticandoAPI.UsuarioApiApplicationTests], using SpringBootContextLoader
21:06:45.500 [main] DEBUG org.springframework.test.context.support.AbstractContextLoader - Did not detect default resource location for test class [com.projects.praticandoAPI.UsuarioApiApplicationTests]: class path resource [com/projects/praticandoAPI/UsuarioApiApplicationTests-context.xml] does not exist
21:06:45.501 [main] DEBUG org.springframework.test.context.support.AbstractContextLoader - Did not detect default resource location for test class [com.projects.praticandoAPI.UsuarioApiApplicationTests]: class path resource [com/projects/praticandoAPI/UsuarioApiApplicationTestsContext.groovy] does not exist
21:06:45.501 [main] INFO org.springframework.test.context.support.AbstractContextLoader - Could not detect default resource locations for test class [com.projects.praticandoAPI.UsuarioApiApplicationTests]: no resource found for suffixes {-context.xml, Context.groovy}.
21:06:45.502 [main] INFO org.springframework.test.context.support.AnnotationConfigContextLoaderUtils - Could not detect default configuration classes for test class [com.projects.praticandoAPI.UsuarioApiApplicationTests]: UsuarioApiApplicationTests does not declare any static, non-private, non-final, nested classes annotated with @Configuration.
21:06:45.508 [main] DEBUG org.springframework.test.context.support.ActiveProfilesUtils - Could not find an 'annotation declaring class' for annotation type [org.springframework.test.context.ActiveProfiles] and class [com.projects.praticandoAPI.UsuarioApiApplicationTests]
21:06:45.509 [main] INFO org.springframework.boot.test.context.SpringBootTestContextBootstrapper - Found @SpringBootConfiguration com.projects.praticandoAPI.PraticandoApiApplication for test class com.projects.praticandoAPI.UsuarioApiApplicationTests
21:06:45.513 [main] DEBUG org.springframework.boot.test.context.SpringBootTestContextBootstrapper - @TestExecutionListeners is not present for class [com.projects.praticandoAPI.UsuarioApiApplicationTests]: using defaults.
21:06:45.513 [main] INFO org.springframework.boot.test.context.SpringBootTestContextBootstrapper - Loaded default TestExecutionListener class names from location [META-INF/spring.factories]: [org.springframework.boot.test.mock.mockito.MockitoTestExecutionListener, org.springframework.boot.test.mock.mockito.ResetMocksTestExecutionListener, org.springframework.boot.test.autoconfigure.restdocs.RestDocsTestExecutionListener, org.springframework.boot.test.autoconfigure.web.client.MockRestServiceServerResetTestExecutionListener, org.springframework.boot.test.autoconfigure.web.servlet.MockMvcPrintOnlyOnFailureTestExecutionListener, org.springframework.boot.test.autoconfigure.web.servlet.WebDriverTestExecutionListener, org.springframework.test.context.web.ServletTestExecutionListener, org.springframework.test.context.support.DirtiesContextBeforeModesTestExecutionListener, org.springframework.test.context.support.DependencyInjectionTestExecutionListener, org.springframework.test.context.support.DirtiesContextTestExecutionListener, org.springframework.test.context.transaction.TransactionalTestExecutionListener, org.springframework.test.context.jdbc.SqlScriptsTestExecutionListener]
21:06:45.514 [main] INFO org.springframework.boot.test.context.SpringBootTestContextBootstrapper - Using TestExecutionListeners: [org.springframework.test.context.web.ServletTestExecutionListener@397ef2, org.springframework.test.context.support.DirtiesContextBeforeModesTestExecutionListener@36a6bea6, org.springframework.boot.test.mock.mockito.MockitoTestExecutionListener@44e93c1f, org.springframework.boot.test.autoconfigure.SpringBootDependencyInjectionTestExecutionListener@42373389, org.springframework.test.context.support.DirtiesContextTestExecutionListener@9b21bd3, org.springframework.test.context.transaction.TransactionalTestExecutionListener@a62c7cd, org.springframework.test.context.jdbc.SqlScriptsTestExecutionListener@7661b5a, org.springframework.boot.test.mock.mockito.ResetMocksTestExecutionListener@7c36db44, org.springframework.boot.test.autoconfigure.restdocs.RestDocsTestExecutionListener@65c33b92, org.springframework.boot.test.autoconfigure.web.client.MockRestServiceServerResetTestExecutionListener@7903d448, org.springframework.boot.test.autoconfigure.web.servlet.MockMvcPrintOnlyOnFailureTestExecutionListener@4e08acf9, org.springframework.boot.test.autoconfigure.web.servlet.WebDriverTestExecutionListener@42ea287]
21:06:45.515 [main] DEBUG org.springframework.test.annotation.ProfileValueUtils - Retrieved @ProfileValueSourceConfiguration [null] for test class [com.projects.praticandoAPI.UsuarioApiApplicationTests]
21:06:45.515 [main] DEBUG org.springframework.test.annotation.ProfileValueUtils - Retrieved ProfileValueSource type [class org.springframework.test.annotation.SystemProfileValueSource] for class [com.projects.praticandoAPI.UsuarioApiApplicationTests]
21:06:45.547 [main] DEBUG org.springframework.test.context.junit4.SpringJUnit4ClassRunner - SpringJUnit4ClassRunner constructor called with [class com.projects.praticandoAPI.ComentarioApiAplicationTest]
21:06:45.547 [main] DEBUG org.springframework.test.context.BootstrapUtils - Instantiating CacheAwareContextLoaderDelegate from class [org.springframework.test.context.cache.DefaultCacheAwareContextLoaderDelegate]
21:06:45.547 [main] DEBUG org.springframework.test.context.BootstrapUtils - Instantiating BootstrapContext using constructor [public org.springframework.test.context.support.DefaultBootstrapContext(java.lang.Class,org.springframework.test.context.CacheAwareContextLoaderDelegate)]
21:06:45.548 [main] DEBUG org.springframework.test.context.BootstrapUtils - Instantiating TestContextBootstrapper for test class [com.projects.praticandoAPI.ComentarioApiAplicationTest] from class [org.springframework.boot.test.context.SpringBootTestContextBootstrapper]
21:06:45.549 [main] INFO org.springframework.boot.test.context.SpringBootTestContextBootstrapper - Neither @ContextConfiguration nor @ContextHierarchy found for test class [com.projects.praticandoAPI.ComentarioApiAplicationTest], using SpringBootContextLoader
21:06:45.549 [main] DEBUG org.springframework.test.context.support.AbstractContextLoader - Did not detect default resource location for test class [com.projects.praticandoAPI.ComentarioApiAplicationTest]: class path resource [com/projects/praticandoAPI/ComentarioApiAplicationTest-context.xml] does not exist
21:06:45.550 [main] DEBUG org.springframework.test.context.support.AbstractContextLoader - Did not detect default resource location for test class [com.projects.praticandoAPI.ComentarioApiAplicationTest]: class path resource [com/projects/praticandoAPI/ComentarioApiAplicationTestContext.groovy] does not exist
21:06:45.550 [main] INFO org.springframework.test.context.support.AbstractContextLoader - Could not detect default resource locations for test class [com.projects.praticandoAPI.ComentarioApiAplicationTest]: no resource found for suffixes {-context.xml, Context.groovy}.
21:06:45.550 [main] INFO org.springframework.test.context.support.AnnotationConfigContextLoaderUtils - Could not detect default configuration classes for test class [com.projects.praticandoAPI.ComentarioApiAplicationTest]: ComentarioApiAplicationTest does not declare any static, non-private, non-final, nested classes annotated with @Configuration.
21:06:45.556 [main] DEBUG org.springframework.test.context.support.ActiveProfilesUtils - Could not find an 'annotation declaring class' for annotation type [org.springframework.test.context.ActiveProfiles] and class [com.projects.praticandoAPI.ComentarioApiAplicationTest]
21:06:45.557 [main] INFO org.springframework.boot.test.context.SpringBootTestContextBootstrapper - Found @SpringBootConfiguration com.projects.praticandoAPI.PraticandoApiApplication for test class com.projects.praticandoAPI.ComentarioApiAplicationTest
21:06:45.560 [main] DEBUG org.springframework.boot.test.context.SpringBootTestContextBootstrapper - @TestExecutionListeners is not present for class [com.projects.praticandoAPI.ComentarioApiAplicationTest]: using defaults.
21:06:45.560 [main] INFO org.springframework.boot.test.context.SpringBootTestContextBootstrapper - Loaded default TestExecutionListener class names from location [META-INF/spring.factories]: [org.springframework.boot.test.mock.mockito.MockitoTestExecutionListener, org.springframework.boot.test.mock.mockito.ResetMocksTestExecutionListener, org.springframework.boot.test.autoconfigure.restdocs.RestDocsTestExecutionListener, org.springframework.boot.test.autoconfigure.web.client.MockRestServiceServerResetTestExecutionListener, org.springframework.boot.test.autoconfigure.web.servlet.MockMvcPrintOnlyOnFailureTestExecutionListener, org.springframework.boot.test.autoconfigure.web.servlet.WebDriverTestExecutionListener, org.springframework.test.context.web.ServletTestExecutionListener, org.springframework.test.context.support.DirtiesContextBeforeModesTestExecutionListener, org.springframework.test.context.support.DependencyInjectionTestExecutionListener, org.springframework.test.context.support.DirtiesContextTestExecutionListener, org.springframework.test.context.transaction.TransactionalTestExecutionListener, org.springframework.test.context.jdbc.SqlScriptsTestExecutionListener]
21:06:45.561 [main] INFO org.springframework.boot.test.context.SpringBootTestContextBootstrapper - Using TestExecutionListeners: [org.springframework.test.context.web.ServletTestExecutionListener@5292ceca, org.springframework.test.context.support.DirtiesContextBeforeModesTestExecutionListener@13d9261f, org.springframework.boot.test.mock.mockito.MockitoTestExecutionListener@e9ef5b6, org.springframework.boot.test.autoconfigure.SpringBootDependencyInjectionTestExecutionListener@5300cac, org.springframework.test.context.support.DirtiesContextTestExecutionListener@4110765e, org.springframework.test.context.transaction.TransactionalTestExecutionListener@1ba359bd, org.springframework.test.context.jdbc.SqlScriptsTestExecutionListener@62e93c3a, org.springframework.boot.test.mock.mockito.ResetMocksTestExecutionListener@673919a7, org.springframework.boot.test.autoconfigure.restdocs.RestDocsTestExecutionListener@25d93198, org.springframework.boot.test.autoconfigure.web.client.MockRestServiceServerResetTestExecutionListener@2436ea2f, org.springframework.boot.test.autoconfigure.web.servlet.MockMvcPrintOnlyOnFailureTestExecutionListener@f951a7f, org.springframework.boot.test.autoconfigure.web.servlet.WebDriverTestExecutionListener@20cece0b]
21:06:45.562 [main] DEBUG org.springframework.test.annotation.ProfileValueUtils - Retrieved @ProfileValueSourceConfiguration [null] for test class [com.projects.praticandoAPI.ComentarioApiAplicationTest]
21:06:45.562 [main] DEBUG org.springframework.test.annotation.ProfileValueUtils - Retrieved ProfileValueSource type [class org.springframework.test.annotation.SystemProfileValueSource] for class [com.projects.praticandoAPI.ComentarioApiAplicationTest]
21:06:45.564 [main] DEBUG org.springframework.test.context.junit4.SpringJUnit4ClassRunner - SpringJUnit4ClassRunner constructor called with [class com.projects.praticandoAPI.CursoRepositoryTest]
21:06:45.564 [main] DEBUG org.springframework.test.context.BootstrapUtils - Instantiating CacheAwareContextLoaderDelegate from class [org.springframework.test.context.cache.DefaultCacheAwareContextLoaderDelegate]
21:06:45.564 [main] DEBUG org.springframework.test.context.BootstrapUtils - Instantiating BootstrapContext using constructor [public org.springframework.test.context.support.DefaultBootstrapContext(java.lang.Class,org.springframework.test.context.CacheAwareContextLoaderDelegate)]
21:06:45.565 [main] DEBUG org.springframework.test.context.BootstrapUtils - Instantiating TestContextBootstrapper for test class [com.projects.praticandoAPI.CursoRepositoryTest] from class [org.springframework.boot.test.autoconfigure.orm.jpa.DataJpaTestContextBootstrapper]
21:06:45.565 [main] INFO org.springframework.boot.test.autoconfigure.orm.jpa.DataJpaTestContextBootstrapper - Neither @ContextConfiguration nor @ContextHierarchy found for test class [com.projects.praticandoAPI.CursoRepositoryTest], using SpringBootContextLoader
21:06:45.566 [main] DEBUG org.springframework.test.context.support.AbstractContextLoader - Did not detect default resource location for test class [com.projects.praticandoAPI.CursoRepositoryTest]: class path resource [com/projects/praticandoAPI/CursoRepositoryTest-context.xml] does not exist
21:06:45.567 [main] DEBUG org.springframework.test.context.support.AbstractContextLoader - Did not detect default resource location for test class [com.projects.praticandoAPI.CursoRepositoryTest]: class path resource [com/projects/praticandoAPI/CursoRepositoryTestContext.groovy] does not exist
21:06:45.567 [main] INFO org.springframework.test.context.support.AbstractContextLoader - Could not detect default resource locations for test class [com.projects.praticandoAPI.CursoRepositoryTest]: no resource found for suffixes {-context.xml, Context.groovy}.
21:06:45.567 [main] INFO org.springframework.test.context.support.AnnotationConfigContextLoaderUtils - Could not detect default configuration classes for test class [com.projects.praticandoAPI.CursoRepositoryTest]: CursoRepositoryTest does not declare any static, non-private, non-final, nested classes annotated with @Configuration.
21:06:45.579 [main] INFO org.springframework.boot.test.context.SpringBootTestContextBootstrapper - Found @SpringBootConfiguration com.projects.praticandoAPI.PraticandoApiApplication for test class com.projects.praticandoAPI.CursoRepositoryTest
21:06:45.580 [main] DEBUG org.springframework.boot.test.autoconfigure.orm.jpa.DataJpaTestContextBootstrapper - @TestExecutionListeners is not present for class [com.projects.praticandoAPI.CursoRepositoryTest]: using defaults.
21:06:45.580 [main] INFO org.springframework.boot.test.autoconfigure.orm.jpa.DataJpaTestContextBootstrapper - Loaded default TestExecutionListener class names from location [META-INF/spring.factories]: [org.springframework.boot.test.mock.mockito.MockitoTestExecutionListener, org.springframework.boot.test.mock.mockito.ResetMocksTestExecutionListener, org.springframework.boot.test.autoconfigure.restdocs.RestDocsTestExecutionListener, org.springframework.boot.test.autoconfigure.web.client.MockRestServiceServerResetTestExecutionListener, org.springframework.boot.test.autoconfigure.web.servlet.MockMvcPrintOnlyOnFailureTestExecutionListener, org.springframework.boot.test.autoconfigure.web.servlet.WebDriverTestExecutionListener, org.springframework.test.context.web.ServletTestExecutionListener, org.springframework.test.context.support.DirtiesContextBeforeModesTestExecutionListener, org.springframework.test.context.support.DependencyInjectionTestExecutionListener, org.springframework.test.context.support.DirtiesContextTestExecutionListener, org.springframework.test.context.transaction.TransactionalTestExecutionListener, org.springframework.test.context.jdbc.SqlScriptsTestExecutionListener]
21:06:45.581 [main] INFO org.springframework.boot.test.autoconfigure.orm.jpa.DataJpaTestContextBootstrapper - Using TestExecutionListeners: [org.springframework.test.context.web.ServletTestExecutionListener@59f93db8, org.springframework.test.context.support.DirtiesContextBeforeModesTestExecutionListener@1aabf50d, org.springframework.boot.test.mock.mockito.MockitoTestExecutionListener@73c9e8e8, org.springframework.boot.test.autoconfigure.SpringBootDependencyInjectionTestExecutionListener@de8039f, org.springframework.test.context.support.DirtiesContextTestExecutionListener@1deceb67, org.springframework.test.context.transaction.TransactionalTestExecutionListener@582a764a, org.springframework.test.context.jdbc.SqlScriptsTestExecutionListener@64984b0f, org.springframework.boot.test.mock.mockito.ResetMocksTestExecutionListener@292158f8, org.springframework.boot.test.autoconfigure.restdocs.RestDocsTestExecutionListener@53ec2968, org.springframework.boot.test.autoconfigure.web.client.MockRestServiceServerResetTestExecutionListener@58ff8d79, org.springframework.boot.test.autoconfigure.web.servlet.MockMvcPrintOnlyOnFailureTestExecutionListener@7e19755a, org.springframework.boot.test.autoconfigure.web.servlet.WebDriverTestExecutionListener@5d5c04f9]
21:06:45.581 [main] DEBUG org.springframework.test.annotation.ProfileValueUtils - Retrieved @ProfileValueSourceConfiguration [null] for test class [com.projects.praticandoAPI.CursoRepositoryTest]
21:06:45.581 [main] DEBUG org.springframework.test.annotation.ProfileValueUtils - Retrieved ProfileValueSource type [class org.springframework.test.annotation.SystemProfileValueSource] for class [com.projects.praticandoAPI.CursoRepositoryTest]
21:06:45.583 [main] DEBUG org.springframework.test.context.junit4.SpringJUnit4ClassRunner - SpringJUnit4ClassRunner constructor called with [class com.projects.praticandoAPI.PraticandoApiApplicationTests]
21:06:45.584 [main] DEBUG org.springframework.test.context.BootstrapUtils - Instantiating CacheAwareContextLoaderDelegate from class [org.springframework.test.context.cache.DefaultCacheAwareContextLoaderDelegate]
21:06:45.584 [main] DEBUG org.springframework.test.context.BootstrapUtils - Instantiating BootstrapContext using constructor [public org.springframework.test.context.support.DefaultBootstrapContext(java.lang.Class,org.springframework.test.context.CacheAwareContextLoaderDelegate)]
21:06:45.584 [main] DEBUG org.springframework.test.context.BootstrapUtils - Instantiating TestContextBootstrapper for test class [com.projects.praticandoAPI.PraticandoApiApplicationTests] from class [org.springframework.boot.test.autoconfigure.web.servlet.WebMvcTestContextBootstrapper]
21:06:45.585 [main] INFO org.springframework.boot.test.autoconfigure.web.servlet.WebMvcTestContextBootstrapper - Neither @ContextConfiguration nor @ContextHierarchy found for test class [com.projects.praticandoAPI.PraticandoApiApplicationTests], using SpringBootContextLoader
21:06:45.586 [main] DEBUG org.springframework.test.context.support.AbstractContextLoader - Did not detect default resource location for test class [com.projects.praticandoAPI.PraticandoApiApplicationTests]: class path resource [com/projects/praticandoAPI/PraticandoApiApplicationTests-context.xml] does not exist
21:06:45.586 [main] DEBUG org.springframework.test.context.support.AbstractContextLoader - Did not detect default resource location for test class [com.projects.praticandoAPI.PraticandoApiApplicationTests]: class path resource [com/projects/praticandoAPI/PraticandoApiApplicationTestsContext.groovy] does not exist
21:06:45.586 [main] INFO org.springframework.test.context.support.AbstractContextLoader - Could not detect default resource locations for test class [com.projects.praticandoAPI.PraticandoApiApplicationTests]: no resource found for suffixes {-context.xml, Context.groovy}.
21:06:45.586 [main] INFO org.springframework.test.context.support.AnnotationConfigContextLoaderUtils - Could not detect default configuration classes for test class [com.projects.praticandoAPI.PraticandoApiApplicationTests]: PraticandoApiApplicationTests does not declare any static, non-private, non-final, nested classes annotated with @Configuration.
21:06:45.594 [main] DEBUG org.springframework.test.context.support.ActiveProfilesUtils - Could not find an 'annotation declaring class' for annotation type [org.springframework.test.context.ActiveProfiles] and class [com.projects.praticandoAPI.PraticandoApiApplicationTests]
21:06:45.595 [main] INFO org.springframework.boot.test.context.SpringBootTestContextBootstrapper - Found @SpringBootConfiguration com.projects.praticandoAPI.PraticandoApiApplication for test class com.projects.praticandoAPI.PraticandoApiApplicationTests
21:06:45.596 [main] DEBUG org.springframework.boot.test.autoconfigure.web.servlet.WebMvcTestContextBootstrapper - @TestExecutionListeners is not present for class [com.projects.praticandoAPI.PraticandoApiApplicationTests]: using defaults.
21:06:45.596 [main] INFO org.springframework.boot.test.autoconfigure.web.servlet.WebMvcTestContextBootstrapper - Loaded default TestExecutionListener class names from location [META-INF/spring.factories]: [org.springframework.boot.test.mock.mockito.MockitoTestExecutionListener, org.springframework.boot.test.mock.mockito.ResetMocksTestExecutionListener, org.springframework.boot.test.autoconfigure.restdocs.RestDocsTestExecutionListener, org.springframework.boot.test.autoconfigure.web.client.MockRestServiceServerResetTestExecutionListener, org.springframework.boot.test.autoconfigure.web.servlet.MockMvcPrintOnlyOnFailureTestExecutionListener, org.springframework.boot.test.autoconfigure.web.servlet.WebDriverTestExecutionListener, org.springframework.test.context.web.ServletTestExecutionListener, org.springframework.test.context.support.DirtiesContextBeforeModesTestExecutionListener, org.springframework.test.context.support.DependencyInjectionTestExecutionListener, org.springframework.test.context.support.DirtiesContextTestExecutionListener, org.springframework.test.context.transaction.TransactionalTestExecutionListener, org.springframework.test.context.jdbc.SqlScriptsTestExecutionListener]
21:06:45.596 [main] INFO org.springframework.boot.test.autoconfigure.web.servlet.WebMvcTestContextBootstrapper - Using TestExecutionListeners: [org.springframework.test.context.web.ServletTestExecutionListener@4b790d86, org.springframework.test.context.support.DirtiesContextBeforeModesTestExecutionListener@7e7f0216, org.springframework.boot.test.mock.mockito.MockitoTestExecutionListener@4339baec, org.springframework.boot.test.autoconfigure.SpringBootDependencyInjectionTestExecutionListener@62db3891, org.springframework.test.context.support.DirtiesContextTestExecutionListener@61cd1c71, org.springframework.test.context.transaction.TransactionalTestExecutionListener@6724cdec, org.springframework.test.context.jdbc.SqlScriptsTestExecutionListener@6944e53e, org.springframework.boot.test.mock.mockito.ResetMocksTestExecutionListener@52e04737, org.springframework.boot.test.autoconfigure.restdocs.RestDocsTestExecutionListener@5bc7e78e, org.springframework.boot.test.autoconfigure.web.client.MockRestServiceServerResetTestExecutionListener@1a4d1ab7, org.springframework.boot.test.autoconfigure.web.servlet.MockMvcPrintOnlyOnFailureTestExecutionListener@546e61d5, org.springframework.boot.test.autoconfigure.web.servlet.WebDriverTestExecutionListener@4674d90]
21:06:45.597 [main] DEBUG org.springframework.test.annotation.ProfileValueUtils - Retrieved @ProfileValueSourceConfiguration [null] for test class [com.projects.praticandoAPI.PraticandoApiApplicationTests]
21:06:45.597 [main] DEBUG org.springframework.test.annotation.ProfileValueUtils - Retrieved ProfileValueSource type [class org.springframework.test.annotation.SystemProfileValueSource] for class [com.projects.praticandoAPI.PraticandoApiApplicationTests]
21:06:45.598 [main] DEBUG org.springframework.test.context.junit4.SpringJUnit4ClassRunner - SpringJUnit4ClassRunner constructor called with [class com.projects.praticandoAPI.UsuarioApiApplicationTests]
21:06:45.598 [main] DEBUG org.springframework.test.context.BootstrapUtils - Instantiating CacheAwareContextLoaderDelegate from class [org.springframework.test.context.cache.DefaultCacheAwareContextLoaderDelegate]
21:06:45.599 [main] DEBUG org.springframework.test.context.BootstrapUtils - Instantiating BootstrapContext using constructor [public org.springframework.test.context.support.DefaultBootstrapContext(java.lang.Class,org.springframework.test.context.CacheAwareContextLoaderDelegate)]
21:06:45.599 [main] DEBUG org.springframework.test.context.BootstrapUtils - Instantiating TestContextBootstrapper for test class [com.projects.praticandoAPI.UsuarioApiApplicationTests] from class [org.springframework.boot.test.context.SpringBootTestContextBootstrapper]
21:06:45.599 [main] INFO org.springframework.boot.test.context.SpringBootTestContextBootstrapper - Neither @ContextConfiguration nor @ContextHierarchy found for test class [com.projects.praticandoAPI.UsuarioApiApplicationTests], using SpringBootContextLoader
21:06:45.600 [main] DEBUG org.springframework.test.context.support.AbstractContextLoader - Did not detect default resource location for test class [com.projects.praticandoAPI.UsuarioApiApplicationTests]: class path resource [com/projects/praticandoAPI/UsuarioApiApplicationTests-context.xml] does not exist
21:06:45.601 [main] DEBUG org.springframework.test.context.support.AbstractContextLoader - Did not detect default resource location for test class [com.projects.praticandoAPI.UsuarioApiApplicationTests]: class path resource [com/projects/praticandoAPI/UsuarioApiApplicationTestsContext.groovy] does not exist
21:06:45.601 [main] INFO org.springframework.test.context.support.AbstractContextLoader - Could not detect default resource locations for test class [com.projects.praticandoAPI.UsuarioApiApplicationTests]: no resource found for suffixes {-context.xml, Context.groovy}.
21:06:45.602 [main] INFO org.springframework.test.context.support.AnnotationConfigContextLoaderUtils - Could not detect default configuration classes for test class [com.projects.praticandoAPI.UsuarioApiApplicationTests]: UsuarioApiApplicationTests does not declare any static, non-private, non-final, nested classes annotated with @Configuration.
21:06:45.607 [main] DEBUG org.springframework.test.context.support.ActiveProfilesUtils - Could not find an 'annotation declaring class' for annotation type [org.springframework.test.context.ActiveProfiles] and class [com.projects.praticandoAPI.UsuarioApiApplicationTests]
21:06:45.608 [main] INFO org.springframework.boot.test.context.SpringBootTestContextBootstrapper - Found @SpringBootConfiguration com.projects.praticandoAPI.PraticandoApiApplication for test class com.projects.praticandoAPI.UsuarioApiApplicationTests
21:06:45.612 [main] DEBUG org.springframework.boot.test.context.SpringBootTestContextBootstrapper - @TestExecutionListeners is not present for class [com.projects.praticandoAPI.UsuarioApiApplicationTests]: using defaults.
21:06:45.612 [main] INFO org.springframework.boot.test.context.SpringBootTestContextBootstrapper - Loaded default TestExecutionListener class names from location [META-INF/spring.factories]: [org.springframework.boot.test.mock.mockito.MockitoTestExecutionListener, org.springframework.boot.test.mock.mockito.ResetMocksTestExecutionListener, org.springframework.boot.test.autoconfigure.restdocs.RestDocsTestExecutionListener, org.springframework.boot.test.autoconfigure.web.client.MockRestServiceServerResetTestExecutionListener, org.springframework.boot.test.autoconfigure.web.servlet.MockMvcPrintOnlyOnFailureTestExecutionListener, org.springframework.boot.test.autoconfigure.web.servlet.WebDriverTestExecutionListener, org.springframework.test.context.web.ServletTestExecutionListener, org.springframework.test.context.support.DirtiesContextBeforeModesTestExecutionListener, org.springframework.test.context.support.DependencyInjectionTestExecutionListener, org.springframework.test.context.support.DirtiesContextTestExecutionListener, org.springframework.test.context.transaction.TransactionalTestExecutionListener, org.springframework.test.context.jdbc.SqlScriptsTestExecutionListener]
21:06:45.613 [main] INFO org.springframework.boot.test.context.SpringBootTestContextBootstrapper - Using TestExecutionListeners: [org.springframework.test.context.web.ServletTestExecutionListener@78d6447a, org.springframework.test.context.support.DirtiesContextBeforeModesTestExecutionListener@7a729f84, org.springframework.boot.test.mock.mockito.MockitoTestExecutionListener@1e469dfd, org.springframework.boot.test.autoconfigure.SpringBootDependencyInjectionTestExecutionListener@554f0dfb, org.springframework.test.context.support.DirtiesContextTestExecutionListener@1f7076bc, org.springframework.test.context.transaction.TransactionalTestExecutionListener@71904469, org.springframework.test.context.jdbc.SqlScriptsTestExecutionListener@5b9396d3, org.springframework.boot.test.mock.mockito.ResetMocksTestExecutionListener@761e788f, org.springframework.boot.test.autoconfigure.restdocs.RestDocsTestExecutionListener@6a472566, org.springframework.boot.test.autoconfigure.web.client.MockRestServiceServerResetTestExecutionListener@1907874b, org.springframework.boot.test.autoconfigure.web.servlet.MockMvcPrintOnlyOnFailureTestExecutionListener@5e65afb6, org.springframework.boot.test.autoconfigure.web.servlet.WebDriverTestExecutionListener@5b3a7ef5]
21:06:45.613 [main] DEBUG org.springframework.test.annotation.ProfileValueUtils - Retrieved @ProfileValueSourceConfiguration [null] for test class [com.projects.praticandoAPI.UsuarioApiApplicationTests]
21:06:45.613 [main] DEBUG org.springframework.test.annotation.ProfileValueUtils - Retrieved ProfileValueSource type [class org.springframework.test.annotation.SystemProfileValueSource] for class [com.projects.praticandoAPI.UsuarioApiApplicationTests]
21:06:45.771 [main] DEBUG org.springframework.test.annotation.ProfileValueUtils - Retrieved @ProfileValueSourceConfiguration [null] for test class [com.projects.praticandoAPI.ComentarioApiAplicationTest]
21:06:45.772 [main] DEBUG org.springframework.test.annotation.ProfileValueUtils - Retrieved ProfileValueSource type [class org.springframework.test.annotation.SystemProfileValueSource] for class [com.projects.praticandoAPI.ComentarioApiAplicationTest]
21:06:45.780 [main] DEBUG org.springframework.test.annotation.ProfileValueUtils - Retrieved @ProfileValueSourceConfiguration [null] for test class [com.projects.praticandoAPI.ComentarioApiAplicationTest]
21:06:45.780 [main] DEBUG org.springframework.test.annotation.ProfileValueUtils - Retrieved ProfileValueSource type [class org.springframework.test.annotation.SystemProfileValueSource] for class [com.projects.praticandoAPI.ComentarioApiAplicationTest]
21:06:45.781 [main] DEBUG org.springframework.test.annotation.ProfileValueUtils - Retrieved @ProfileValueSourceConfiguration [null] for test class [com.projects.praticandoAPI.ComentarioApiAplicationTest]
21:06:45.781 [main] DEBUG org.springframework.test.annotation.ProfileValueUtils - Retrieved ProfileValueSource type [class org.springframework.test.annotation.SystemProfileValueSource] for class [com.projects.praticandoAPI.ComentarioApiAplicationTest]
21:06:45.791 [main] DEBUG org.springframework.test.context.support.AbstractDirtiesContextTestExecutionListener - Before test class: context [DefaultTestContext@1b1c538d testClass = ComentarioApiAplicationTest, testInstance = [null], testMethod = [null], testException = [null], mergedContextConfiguration = [WebMergedContextConfiguration@1645f294 testClass = ComentarioApiAplicationTest, locations = '{}', classes = '{class com.projects.praticandoAPI.PraticandoApiApplication}', contextInitializerClasses = '[]', activeProfiles = '{}', propertySourceLocations = '{}', propertySourceProperties = '{org.springframework.boot.test.context.SpringBootTestContextBootstrapper=true}', contextCustomizers = set[[ImportsContextCustomizer@6325f352 key = [org.springframework.boot.test.autoconfigure.web.servlet.MockMvcAutoConfiguration, org.springframework.boot.test.autoconfigure.web.servlet.MockMvcSecurityAutoConfiguration, org.springframework.boot.test.autoconfigure.web.servlet.MockMvcWebClientAutoConfiguration, org.springframework.boot.test.autoconfigure.web.servlet.MockMvcWebDriverAutoConfiguration]], org.springframework.boot.test.context.filter.ExcludeFilterContextCustomizer@60297f36, org.springframework.boot.test.json.DuplicateJsonObjectContextCustomizerFactory$DuplicateJsonObjectContextCustomizer@74cf8b28, org.springframework.boot.test.mock.mockito.MockitoContextCustomizer@0, org.springframework.boot.test.web.client.TestRestTemplateContextCustomizer@46b695ec, org.springframework.boot.test.autoconfigure.properties.PropertyMappingContextCustomizer@e7e8512, org.springframework.boot.test.autoconfigure.web.servlet.WebDriverContextCustomizerFactory$Customizer@1654a892], resourceBasePath = 'src/main/webapp', contextLoader = 'org.springframework.boot.test.context.SpringBootContextLoader', parent = [null]], attributes = map['org.springframework.test.context.web.ServletTestExecutionListener.activateListener' -> true]], class annotated with @DirtiesContext [false] with mode [null].
21:06:45.792 [main] DEBUG org.springframework.test.annotation.ProfileValueUtils - Retrieved @ProfileValueSourceConfiguration [null] for test class [com.projects.praticandoAPI.ComentarioApiAplicationTest]
21:06:45.792 [main] DEBUG org.springframework.test.annotation.ProfileValueUtils - Retrieved ProfileValueSource type [class org.springframework.test.annotation.SystemProfileValueSource] for class [com.projects.praticandoAPI.ComentarioApiAplicationTest]
21:06:45.858 [main] DEBUG org.springframework.test.context.support.TestPropertySourceUtils - Adding inlined properties to environment: {spring.jmx.enabled=false, org.springframework.boot.test.context.SpringBootTestContextBootstrapper=true, server.port=-1}

  .   ____          _            __ _ _
 /\\ / ___'_ __ _ _(_)_ __  __ _ \ \ \ \
( ( )\___ | '_ | '_| | '_ \/ _` | \ \ \ \
 \\/  ___)| |_)| | | | | || (_| |  ) ) ) )
  '  |____| .__|_| |_|_| |_\__, | / / / /
 =========|_|==============|___/=/_/_/_/
 :: Spring Boot ::  (v2.1.14.BUILD-SNAPSHOT)

2023-12-02 21:06:47.036  INFO 10888 --- [           main] c.p.p.ComentarioApiAplicationTest        : Starting ComentarioApiAplicationTest on DESKTOP-4BFGEQ0 with PID 10888 (started by gabri in C:\Users\gabri\Downloads\API-Cursos-clean-architecture-DevOps-QA-java-main)
2023-12-02 21:06:47.039  INFO 10888 --- [           main] c.p.p.ComentarioApiAplicationTest        : No active profile set, falling back to default profiles: default
2023-12-02 21:06:49.793  INFO 10888 --- [           main] .s.d.r.c.RepositoryConfigurationDelegate : Bootstrapping Spring Data JPA repositories in DEFAULT mode.
2023-12-02 21:06:50.029  INFO 10888 --- [           main] .s.d.r.c.RepositoryConfigurationDelegate : Finished Spring Data repository scanning in 207ms. Found 4 JPA repository interfaces.
2023-12-02 21:06:52.008  INFO 10888 --- [           main] com.zaxxer.hikari.HikariDataSource       : HikariPool-1 - Starting...
2023-12-02 21:06:52.924  INFO 10888 --- [           main] com.zaxxer.hikari.HikariDataSource       : HikariPool-1 - Start completed.
2023-12-02 21:06:53.109  INFO 10888 --- [           main] o.hibernate.jpa.internal.util.LogHelper  : HHH000204: Processing PersistenceUnitInfo [
	name: default
	...]
2023-12-02 21:06:53.355  INFO 10888 --- [           main] org.hibernate.Version                    : HHH000412: Hibernate Core {5.3.17.Final}
2023-12-02 21:06:53.359  INFO 10888 --- [           main] org.hibernate.cfg.Environment            : HHH000206: hibernate.properties not found
2023-12-02 21:06:53.828  INFO 10888 --- [           main] o.hibernate.annotations.common.Version   : HCANN000001: Hibernate Commons Annotations {5.0.4.Final}
2023-12-02 21:06:54.340  INFO 10888 --- [           main] org.hibernate.dialect.Dialect            : HHH000400: Using dialect: org.hibernate.dialect.H2Dialect
2023-12-02 21:06:56.708  INFO 10888 --- [           main] j.LocalContainerEntityManagerFactoryBean : Initialized JPA EntityManagerFactory for persistence unit 'default'
2023-12-02 21:06:58.711  WARN 10888 --- [           main] aWebConfiguration$JpaWebMvcConfiguration : spring.jpa.open-in-view is enabled by default. Therefore, database queries may be performed during view rendering. Explicitly configure spring.jpa.open-in-view to disable this warning
2023-12-02 21:06:59.373  INFO 10888 --- [           main] pertySourcedRequestMappingHandlerMapping : Mapped URL path [/v2/api-docs] onto method [public org.springframework.http.ResponseEntity<springfox.documentation.spring.web.json.Json> springfox.documentation.swagger2.web.Swagger2Controller.getDocumentation(java.lang.String,javax.servlet.http.HttpServletRequest)]
2023-12-02 21:07:00.701  INFO 10888 --- [           main] o.s.s.concurrent.ThreadPoolTaskExecutor  : Initializing ExecutorService 'applicationTaskExecutor'
2023-12-02 21:07:00.850  INFO 10888 --- [           main] o.s.b.a.w.s.WelcomePageHandlerMapping    : Adding welcome page template: index
2023-12-02 21:07:01.907  INFO 10888 --- [           main] o.s.b.t.m.w.SpringBootMockServletContext : Initializing Spring TestDispatcherServlet ''
2023-12-02 21:07:01.908  INFO 10888 --- [           main] o.s.t.web.servlet.TestDispatcherServlet  : Initializing Servlet ''
2023-12-02 21:07:01.939  INFO 10888 --- [           main] o.s.t.web.servlet.TestDispatcherServlet  : Completed initialization in 30 ms
2023-12-02 21:07:01.993  INFO 10888 --- [           main] d.s.w.p.DocumentationPluginsBootstrapper : Context refreshed
2023-12-02 21:07:02.062  INFO 10888 --- [           main] d.s.w.p.DocumentationPluginsBootstrapper : Found 1 custom documentation plugin(s)
2023-12-02 21:07:02.145  INFO 10888 --- [           main] s.d.s.w.s.ApiListingReferenceScanner     : Scanning for api listing references
2023-12-02 21:07:02.439  INFO 10888 --- [           main] .d.s.w.r.o.CachingOperationNameGenerator : Generating unique operation named: cadastrarUsingPOST_1
2023-12-02 21:07:02.444  INFO 10888 --- [           main] .d.s.w.r.o.CachingOperationNameGenerator : Generating unique operation named: listaUsingGET_1
2023-12-02 21:07:02.500  INFO 10888 --- [           main] .d.s.w.r.o.CachingOperationNameGenerator : Generating unique operation named: cadastrarUsingPOST_2
2023-12-02 21:07:02.506  INFO 10888 --- [           main] .d.s.w.r.o.CachingOperationNameGenerator : Generating unique operation named: listaUsingGET_2
2023-12-02 21:07:02.530  INFO 10888 --- [           main] .d.s.w.r.o.CachingOperationNameGenerator : Generating unique operation named: cadastrarUsingPOST_3
2023-12-02 21:07:02.534  INFO 10888 --- [           main] .d.s.w.r.o.CachingOperationNameGenerator : Generating unique operation named: listaUsingGET_3
2023-12-02 21:07:02.602  INFO 10888 --- [           main] c.p.p.ComentarioApiAplicationTest        : Started ComentarioApiAplicationTest in 16.687 seconds (JVM running for 20.904)

MockHttpServletRequest:
      HTTP Method = POST
      Request URI = /comentarios
       Parameters = {}
          Headers = [Content-Type:"application/json;charset=UTF-8"]
             Body = {"mensagem":"CursoHorrivel"}
    Session Attrs = {}

Handler:
             Type = com.projects.praticandoAPI.controller.ComentarioController
           Method = public org.springframework.http.ResponseEntity<com.projects.praticandoAPI.controller.dto.ComentarioDto> com.projects.praticandoAPI.controller.ComentarioController.cadastrar(com.projects.praticandoAPI.controller.form.ComentarioForm,org.springframework.web.util.UriComponentsBuilder)

Async:
    Async started = false
     Async result = null

Resolved Exception:
             Type = null

ModelAndView:
        View name = null
             View = null
            Model = null

FlashMap:
       Attributes = null

MockHttpServletResponse:
           Status = 201
    Error message = null
          Headers = [Location:"http://localhost/comentarios/3", Content-Type:"application/json;charset=UTF-8"]
     Content type = application/json;charset=UTF-8
             Body = {"id":3,"mensagem":"CursoHorrivel"}
    Forwarded URL = null
   Redirected URL = http://localhost/comentarios/3
          Cookies = []
]]></system-out>
  </testcase>
</testsuite>